<!DOCTYPE html PUBLIC "-//W3C//DTD XHTML 1.1//EN" "http://www.w3.org/TR/xhtml11/DTD/xhtml11.dtd">
<html xmlns="http://www.w3.org/1999/xhtml"><head><title>TestNG Report</title><style type="text/css">table {margin-bottom:10px;border-collapse:collapse;empty-cells:show}th,td {border:1px solid #009;padding:.25em .5em}th {vertical-align:bottom}td {vertical-align:top}table a {font-weight:bold}.stripe td {background-color: #E6EBF9}.num {text-align:right}.passedodd td {background-color: #3F3}.passedeven td {background-color: #0A0}.skippedodd td {background-color: #DDD}.skippedeven td {background-color: #CCC}.failedodd td,.attn {background-color: #F33}.failedeven td,.stripe .attn {background-color: #D00}.stacktrace {white-space:pre;font-family:monospace}.totop {font-size:85%;text-align:center;border-bottom:2px solid #000}</style></head><body><table><tr><th>Test</th><th># Passed</th><th># Skipped</th><th># Failed</th><th>Time (ms)</th><th>Included Groups</th><th>Excluded Groups</th></tr><tr><th colspan="7">Surefire suite</th></tr><tr><td><a href="#t0">Surefire test</a></td><td class="num">15</td><td class="num">0</td><td class="num attn">2</td><td class="num">2,146,000</td><td>buddypress</td><td></td></tr></table><table><thead><tr><th>Class</th><th>Method</th><th>Start</th><th>Time (ms)</th></tr></thead><tbody><tr><th colspan="4">Surefire suite</th></tr></tbody><tbody id="t0"><tr><th colspan="4">Surefire test &#8212; failed</th></tr><tr class="failedeven"><td rowspan="1">testscripts.buddyPress.allowUserToCreateNewAlbumsOtherRolesTest</td><td><a href="#m0">allowUserCreateNewAlbumsOther</a></td><td rowspan="1">1424769255828</td><td rowspan="1">105891</td></tr><tr class="failedodd"><td rowspan="1">testscripts.buddyPress.numberOfMediaItemsInActivitySreamOtherRolesTest</td><td><a href="#m1">numberOfMediaItemsInActivityOtherRoles</a></td><td rowspan="1">1424768768235</td><td rowspan="1">80671</td></tr><tr><th colspan="4">Surefire test &#8212; passed</th></tr><tr class="passedeven"><td rowspan="1">testscripts.buddyPress.ExperimentenableMediaInProfileTest</td><td><a href="#m2">enablemediaadmin</a></td><td rowspan="1">1424768397357</td><td rowspan="1">131300</td></tr><tr class="passedodd"><td rowspan="1">testscripts.buddyPress.allowUploadFromActivityStreamOtherRolesTest</td><td><a href="#m3">allowUploadFromActivityStreamOther</a></td><td rowspan="1">1424769747557</td><td rowspan="1">159617</td></tr><tr class="passedeven"><td rowspan="1">testscripts.buddyPress.allowUploadFromActivityStreamTest</td><td><a href="#m4">uploadactivity</a></td><td rowspan="1">1424769469979</td><td rowspan="1">154959</td></tr><tr class="passedodd"><td rowspan="1">testscripts.buddyPress.allowUserToCreateNewAlbumsTest</td><td><a href="#m5">allowUserCreateNewAlbums</a></td><td rowspan="1">1424770024206</td><td rowspan="1">105330</td></tr><tr class="passedeven"><td rowspan="1">testscripts.buddyPress.enableMediaInGroupOtherRolesTest</td><td><a href="#m6">enableMediaInGroupOther</a></td><td rowspan="1">1424770400080</td><td rowspan="1">143252</td></tr><tr class="passedodd"><td rowspan="1">testscripts.buddyPress.enableMediaInGroupTest</td><td><a href="#m7">enablemediagroup</a></td><td rowspan="1">1424768848929</td><td rowspan="1">148265</td></tr><tr class="passedeven"><td rowspan="1">testscripts.buddyPress.enableMediaInProfileOtherRolesTest</td><td><a href="#m8">enablemediaotherroles</a></td><td rowspan="1">1424768997195</td><td rowspan="1">135587</td></tr><tr class="passedodd"><td rowspan="1">testscripts.buddyPress.enableMediaInProfileTest</td><td><a href="#m9">enablemediaadmin</a></td><td rowspan="1">1424768528661</td><td rowspan="1">129712</td></tr><tr class="passedeven"><td rowspan="1">testscripts.buddyPress.enablePodcastingOtherRolesTest</td><td><a href="#m10">enablePodcastingOther</a></td><td rowspan="1">1424769132783</td><td rowspan="1">123044</td></tr><tr class="passedodd"><td rowspan="1">testscripts.buddyPress.enablePodcastingTest</td><td><a href="#m11">enablePodcastingAdmin</a></td><td rowspan="1">1424768658373</td><td rowspan="1">109862</td></tr><tr class="passedeven"><td rowspan="1">testscripts.buddyPress.limitNumberOfAlbumsPerUserOtherRolesTest</td><td><a href="#m12">limitNumberOfAlbumsPerUsrOther</a></td><td rowspan="1">1424770129536</td><td rowspan="1">162714</td></tr><tr class="passedodd"><td rowspan="1">testscripts.buddyPress.limitNumberOfAlbumsPerUserTest</td><td><a href="#m13">limitNumberOfAlbumsPerUsr</a></td><td rowspan="1">1424769361722</td><td rowspan="1">108257</td></tr><tr class="passedeven"><td rowspan="1">testscripts.buddyPress.numberOfMediaItemsInActivitySreamTest</td><td><a href="#m14">numberOfMediaItemsInActivity</a></td><td rowspan="1">1424769624938</td><td rowspan="1">122619</td></tr><tr class="passedodd"><td rowspan="1">testscripts.buddyPress.organizeMediaIntoAlbumsOtherRolesTest</td><td><a href="#m15">organizeMediaIntoAlbumsOther</a></td><td rowspan="1">1424770292251</td><td rowspan="1">107829</td></tr><tr class="passedeven"><td rowspan="1">testscripts.buddyPress.organizeMediaIntoAlbumsTest</td><td><a href="#m16">organizeMediaInAlbums</a></td><td rowspan="1">1424769907174</td><td rowspan="1">117031</td></tr></tbody></table><h2>Surefire test</h2><h3 id="m0">testscripts.buddyPress.allowUserToCreateNewAlbumsOtherRolesTest#allowUserCreateNewAlbumsOther</h3><table class="result"><tr><th>Exception</th></tr><tr><td><div class="stacktrace">org.openqa.selenium.NoSuchElementException: {&quot;errorMessage&quot;:&quot;Unable to find element with css selector &apos;#wp-admin-bar-site-name &gt; a.ab-item&apos;&quot;,&quot;request&quot;:{&quot;headers&quot;:{&quot;Accept&quot;:&quot;application/json, image/png&quot;,&quot;Connection&quot;:&quot;Keep-Alive&quot;,&quot;Content-Length&quot;:&quot;70&quot;,&quot;Content-Type&quot;:&quot;application/json; charset=utf-8&quot;,&quot;Host&quot;:&quot;localhost:15603&quot;},&quot;httpVersion&quot;:&quot;1.1&quot;,&quot;method&quot;:&quot;POST&quot;,&quot;post&quot;:&quot;{\&quot;using\&quot;:\&quot;css selector\&quot;,\&quot;value\&quot;:\&quot;#wp-admin-bar-site-name &gt; a.ab-item\&quot;}&quot;,&quot;url&quot;:&quot;/element&quot;,&quot;urlParsed&quot;:{&quot;anchor&quot;:&quot;&quot;,&quot;query&quot;:&quot;&quot;,&quot;file&quot;:&quot;element&quot;,&quot;directory&quot;:&quot;/&quot;,&quot;path&quot;:&quot;/element&quot;,&quot;relative&quot;:&quot;/element&quot;,&quot;port&quot;:&quot;&quot;,&quot;host&quot;:&quot;&quot;,&quot;password&quot;:&quot;&quot;,&quot;user&quot;:&quot;&quot;,&quot;userInfo&quot;:&quot;&quot;,&quot;authority&quot;:&quot;&quot;,&quot;protocol&quot;:&quot;&quot;,&quot;source&quot;:&quot;/element&quot;,&quot;queryKey&quot;:{},&quot;chunks&quot;:[&quot;element&quot;]},&quot;urlOriginal&quot;:&quot;/session/ad708b90-bc05-11e4-9fc9-49444621a2c8/element&quot;}}
Command duration or timeout: 10.89 seconds
For documentation on this error, please visit: http://seleniumhq.org/exceptions/no_such_element.html
Build info: version: &apos;2.41.0&apos;, revision: &apos;3192d8a6c4449dc285928ba024779344f5423c58&apos;, time: &apos;2014-03-27 11:29:39&apos;
System info: host: &apos;rtcamp-desktop&apos;, ip: &apos;127.0.1.1&apos;, os.name: &apos;Linux&apos;, os.arch: &apos;amd64&apos;, os.version: &apos;3.13.0-45-generic&apos;, java.version: &apos;1.8.0_25&apos;
Driver info: org.openqa.selenium.phantomjs.PhantomJSDriver
Capabilities [{applicationCacheEnabled=false, rotatable=false, handlesAlerts=false, databaseEnabled=false, version=1.9.7, platform=LINUX, browserConnectionEnabled=false, proxy={proxyType=direct}, nativeEvents=true, acceptSslCerts=false, driverVersion=1.1.0, locationContextEnabled=false, webStorageEnabled=false, browserName=phantomjs, takesScreenshot=true, driverName=ghostdriver, javascriptEnabled=true, cssSelectorsEnabled=true}]
Session ID: ad708b90-bc05-11e4-9fc9-49444621a2c8
	at org.openqa.selenium.remote.ErrorHandler.createThrowable(ErrorHandler.java:193)
	at org.openqa.selenium.remote.ErrorHandler.throwIfResponseFailed(ErrorHandler.java:145)
	at org.openqa.selenium.remote.RemoteWebDriver.execute(RemoteWebDriver.java:595)
	at org.openqa.selenium.remote.RemoteWebDriver.findElement(RemoteWebDriver.java:348)
	at org.openqa.selenium.remote.RemoteWebDriver.findElementByCssSelector(RemoteWebDriver.java:437)
	at org.openqa.selenium.By$ByCssSelector.findElement(By.java:425)
	at org.openqa.selenium.remote.RemoteWebDriver.findElement(RemoteWebDriver.java:340)
	at testscripts.buddyPress.allowUserToCreateNewAlbumsOtherRolesTest.allowUserCreateNewAlbumsOther(allowUserToCreateNewAlbumsOtherRolesTest.java:127)
	at org.apache.maven.plugin.surefire.InPluginVMSurefireStarter.runSuitesInProcess(InPluginVMSurefireStarter.java:82)
	at org.apache.maven.plugin.surefire.AbstractSurefireMojo.executeProvider(AbstractSurefireMojo.java:951)
	at org.apache.maven.plugin.surefire.AbstractSurefireMojo.executeAfterPreconditionsChecked(AbstractSurefireMojo.java:831)
	at org.apache.maven.plugin.surefire.AbstractSurefireMojo.execute(AbstractSurefireMojo.java:729)
	at org.apache.maven.plugin.DefaultBuildPluginManager.executeMojo(DefaultBuildPluginManager.java:101)
	at org.apache.maven.lifecycle.internal.MojoExecutor.execute(MojoExecutor.java:209)
	at org.apache.maven.lifecycle.internal.MojoExecutor.execute(MojoExecutor.java:153)
	at org.apache.maven.lifecycle.internal.MojoExecutor.execute(MojoExecutor.java:145)
	at org.apache.maven.lifecycle.internal.LifecycleModuleBuilder.buildProject(LifecycleModuleBuilder.java:84)
	at org.apache.maven.lifecycle.internal.LifecycleModuleBuilder.buildProject(LifecycleModuleBuilder.java:59)
	at org.apache.maven.lifecycle.internal.LifecycleStarter.singleThreadedBuild(LifecycleStarter.java:183)
	at org.apache.maven.lifecycle.internal.LifecycleStarter.execute(LifecycleStarter.java:161)
	at org.apache.maven.DefaultMaven.doExecute(DefaultMaven.java:320)
	at org.apache.maven.DefaultMaven.execute(DefaultMaven.java:156)
	at org.apache.maven.cli.MavenCli.execute(MavenCli.java:537)
	at org.apache.maven.cli.MavenCli.doMain(MavenCli.java:196)
	at org.apache.maven.cli.MavenCli.main(MavenCli.java:141)
	at org.codehaus.plexus.classworlds.launcher.Launcher.launchEnhanced(Launcher.java:289)
	at org.codehaus.plexus.classworlds.launcher.Launcher.launch(Launcher.java:229)
	at org.codehaus.plexus.classworlds.launcher.Launcher.mainWithExitCode(Launcher.java:415)
	at org.codehaus.plexus.classworlds.launcher.Launcher.main(Launcher.java:356)
Caused by: org.openqa.selenium.remote.ScreenshotException: Screen shot has been taken
Build info: version: &apos;2.41.0&apos;, revision: &apos;3192d8a6c4449dc285928ba024779344f5423c58&apos;, time: &apos;2014-03-27 11:29:39&apos;
System info: host: &apos;rtcamp-desktop&apos;, ip: &apos;127.0.1.1&apos;, os.name: &apos;Linux&apos;, os.arch: &apos;amd64&apos;, os.version: &apos;3.13.0-45-generic&apos;, java.version: &apos;1.8.0_25&apos;
Driver info: driver.version: RemoteWebDriver
	at org.openqa.selenium.remote.ErrorHandler.throwIfResponseFailed(ErrorHandler.java:125)
	... 63 more
Caused by: org.openqa.selenium.remote.ErrorHandler$UnknownServerException: {&quot;errorMessage&quot;:&quot;Unable to find element with css selector &apos;#wp-admin-bar-site-name &gt; a.ab-item&apos;&quot;,&quot;request&quot;:{&quot;headers&quot;:{&quot;Accept&quot;:&quot;application/json, image/png&quot;,&quot;Connection&quot;:&quot;Keep-Alive&quot;,&quot;Content-Length&quot;:&quot;70&quot;,&quot;Content-Type&quot;:&quot;application/json; charset=utf-8&quot;,&quot;Host&quot;:&quot;localhost:15603&quot;},&quot;httpVersion&quot;:&quot;1.1&quot;,&quot;method&quot;:&quot;POST&quot;,&quot;post&quot;:&quot;{\&quot;using\&quot;:\&quot;css selector\&quot;,\&quot;value\&quot;:\&quot;#wp-admin-bar-site-name &gt; a.ab-item\&quot;}&quot;,&quot;url&quot;:&quot;/element&quot;,&quot;urlParsed&quot;:{&quot;anchor&quot;:&quot;&quot;,&quot;query&quot;:&quot;&quot;,&quot;file&quot;:&quot;element&quot;,&quot;directory&quot;:&quot;/&quot;,&quot;path&quot;:&quot;/element&quot;,&quot;relative&quot;:&quot;/element&quot;,&quot;port&quot;:&quot;&quot;,&quot;host&quot;:&quot;&quot;,&quot;password&quot;:&quot;&quot;,&quot;user&quot;:&quot;&quot;,&quot;userInfo&quot;:&quot;&quot;,&quot;authority&quot;:&quot;&quot;,&quot;protocol&quot;:&quot;&quot;,&quot;source&quot;:&quot;/element&quot;,&quot;queryKey&quot;:{},&quot;chunks&quot;:[&quot;element&quot;]},&quot;urlOriginal&quot;:&quot;/session/ad708b90-bc05-11e4-9fc9-49444621a2c8/element&quot;}}
Build info: version: &apos;2.41.0&apos;, revision: &apos;3192d8a6c4449dc285928ba024779344f5423c58&apos;, time: &apos;2014-03-27 11:29:39&apos;
System info: host: &apos;rtcamp-desktop&apos;, ip: &apos;127.0.1.1&apos;, os.name: &apos;Linux&apos;, os.arch: &apos;amd64&apos;, os.version: &apos;3.13.0-45-generic&apos;, java.version: &apos;1.8.0_25&apos;
Driver info: driver.version: unknown
... Removed 40 stack frames</div></td></tr></table><p class="totop"><a href="#summary">back to summary</a></p><h3 id="m1">testscripts.buddyPress.numberOfMediaItemsInActivitySreamOtherRolesTest#numberOfMediaItemsInActivityOtherRoles</h3><table class="result"><tr><th>Exception</th></tr><tr><td><div class="stacktrace">org.openqa.selenium.remote.UnreachableBrowserException: Error communicating with the remote browser. It may have died.
Build info: version: &apos;2.41.0&apos;, revision: &apos;3192d8a6c4449dc285928ba024779344f5423c58&apos;, time: &apos;2014-03-27 11:29:39&apos;
System info: host: &apos;rtcamp-desktop&apos;, ip: &apos;127.0.1.1&apos;, os.name: &apos;Linux&apos;, os.arch: &apos;amd64&apos;, os.version: &apos;3.13.0-45-generic&apos;, java.version: &apos;1.8.0_25&apos;
Driver info: driver.version: RemoteWebDriver
	at org.openqa.selenium.remote.RemoteWebDriver.execute(RemoteWebDriver.java:589)
	at org.openqa.selenium.remote.RemoteWebElement.execute(RemoteWebElement.java:268)
	at org.openqa.selenium.remote.RemoteWebElement.click(RemoteWebElement.java:79)
	at testscripts.buddyPress.numberOfMediaItemsInActivitySreamOtherRolesTest.numberOfMediaItemsInActivityOtherRoles(numberOfMediaItemsInActivitySreamOtherRolesTest.java:123)
	at org.apache.maven.plugin.surefire.InPluginVMSurefireStarter.runSuitesInProcess(InPluginVMSurefireStarter.java:82)
	at org.apache.maven.plugin.surefire.AbstractSurefireMojo.executeProvider(AbstractSurefireMojo.java:951)
	at org.apache.maven.plugin.surefire.AbstractSurefireMojo.executeAfterPreconditionsChecked(AbstractSurefireMojo.java:831)
	at org.apache.maven.plugin.surefire.AbstractSurefireMojo.execute(AbstractSurefireMojo.java:729)
	at org.apache.maven.plugin.DefaultBuildPluginManager.executeMojo(DefaultBuildPluginManager.java:101)
	at org.apache.maven.lifecycle.internal.MojoExecutor.execute(MojoExecutor.java:209)
	at org.apache.maven.lifecycle.internal.MojoExecutor.execute(MojoExecutor.java:153)
	at org.apache.maven.lifecycle.internal.MojoExecutor.execute(MojoExecutor.java:145)
	at org.apache.maven.lifecycle.internal.LifecycleModuleBuilder.buildProject(LifecycleModuleBuilder.java:84)
	at org.apache.maven.lifecycle.internal.LifecycleModuleBuilder.buildProject(LifecycleModuleBuilder.java:59)
	at org.apache.maven.lifecycle.internal.LifecycleStarter.singleThreadedBuild(LifecycleStarter.java:183)
	at org.apache.maven.lifecycle.internal.LifecycleStarter.execute(LifecycleStarter.java:161)
	at org.apache.maven.DefaultMaven.doExecute(DefaultMaven.java:320)
	at org.apache.maven.DefaultMaven.execute(DefaultMaven.java:156)
	at org.apache.maven.cli.MavenCli.execute(MavenCli.java:537)
	at org.apache.maven.cli.MavenCli.doMain(MavenCli.java:196)
	at org.apache.maven.cli.MavenCli.main(MavenCli.java:141)
	at org.codehaus.plexus.classworlds.launcher.Launcher.launchEnhanced(Launcher.java:289)
	at org.codehaus.plexus.classworlds.launcher.Launcher.launch(Launcher.java:229)
	at org.codehaus.plexus.classworlds.launcher.Launcher.mainWithExitCode(Launcher.java:415)
	at org.codehaus.plexus.classworlds.launcher.Launcher.main(Launcher.java:356)
Caused by: org.openqa.selenium.WebDriverException: The PhantomJS/GhostDriver server has unexpectedly died!
Build info: version: &apos;2.41.0&apos;, revision: &apos;3192d8a6c4449dc285928ba024779344f5423c58&apos;, time: &apos;2014-03-27 11:29:39&apos;
System info: host: &apos;rtcamp-desktop&apos;, ip: &apos;127.0.1.1&apos;, os.name: &apos;Linux&apos;, os.arch: &apos;amd64&apos;, os.version: &apos;3.13.0-45-generic&apos;, java.version: &apos;1.8.0_25&apos;
Driver info: driver.version: RemoteWebDriver
	at org.openqa.selenium.phantomjs.PhantomJSCommandExecutor.execute(PhantomJSCommandExecutor.java:88)
	at org.openqa.selenium.remote.RemoteWebDriver.execute(RemoteWebDriver.java:568)
	... 60 more
Caused by: java.net.ConnectException: Connection refused
	at java.net.PlainSocketImpl.socketConnect(Native Method)
	at java.net.AbstractPlainSocketImpl.doConnect(AbstractPlainSocketImpl.java:345)
	at java.net.AbstractPlainSocketImpl.connectToAddress(AbstractPlainSocketImpl.java:206)
	at java.net.AbstractPlainSocketImpl.connect(AbstractPlainSocketImpl.java:188)
	at java.net.SocksSocketImpl.connect(SocksSocketImpl.java:392)
	at java.net.Socket.connect(Socket.java:589)
	at org.apache.http.conn.scheme.PlainSocketFactory.connectSocket(PlainSocketFactory.java:117)
	at org.apache.http.impl.conn.DefaultClientConnectionOperator.openConnection(DefaultClientConnectionOperator.java:177)
	at org.apache.http.impl.conn.AbstractPoolEntry.open(AbstractPoolEntry.java:144)
	at org.apache.http.impl.conn.AbstractPooledConnAdapter.open(AbstractPooledConnAdapter.java:131)
	at org.apache.http.impl.client.DefaultRequestDirector.tryConnect(DefaultRequestDirector.java:611)
	at org.apache.http.impl.client.DefaultRequestDirector.execute(DefaultRequestDirector.java:446)
	at org.apache.http.impl.client.AbstractHttpClient.doExecute(AbstractHttpClient.java:863)
	at org.apache.http.impl.client.CloseableHttpClient.execute(CloseableHttpClient.java:72)
	at org.apache.http.impl.client.CloseableHttpClient.execute(CloseableHttpClient.java:57)
	at org.openqa.selenium.remote.HttpCommandExecutor.fallBackExecute(HttpCommandExecutor.java:340)
	at org.openqa.selenium.remote.HttpCommandExecutor.execute(HttpCommandExecutor.java:301)
	at org.openqa.selenium.phantomjs.PhantomJSCommandExecutor.execute(PhantomJSCommandExecutor.java:82)
	... 61 more
... Removed 36 stack frames</div></td></tr></table><p class="totop"><a href="#summary">back to summary</a></p><h3 id="m2">testscripts.buddyPress.ExperimentenableMediaInProfileTest#enablemediaadmin</h3><table class="result"></table><p class="totop"><a href="#summary">back to summary</a></p><h3 id="m3">testscripts.buddyPress.allowUploadFromActivityStreamOtherRolesTest#allowUploadFromActivityStreamOther</h3><table class="result"></table><p class="totop"><a href="#summary">back to summary</a></p><h3 id="m4">testscripts.buddyPress.allowUploadFromActivityStreamTest#uploadactivity</h3><table class="result"></table><p class="totop"><a href="#summary">back to summary</a></p><h3 id="m5">testscripts.buddyPress.allowUserToCreateNewAlbumsTest#allowUserCreateNewAlbums</h3><table class="result"></table><p class="totop"><a href="#summary">back to summary</a></p><h3 id="m6">testscripts.buddyPress.enableMediaInGroupOtherRolesTest#enableMediaInGroupOther</h3><table class="result"></table><p class="totop"><a href="#summary">back to summary</a></p><h3 id="m7">testscripts.buddyPress.enableMediaInGroupTest#enablemediagroup</h3><table class="result"></table><p class="totop"><a href="#summary">back to summary</a></p><h3 id="m8">testscripts.buddyPress.enableMediaInProfileOtherRolesTest#enablemediaotherroles</h3><table class="result"></table><p class="totop"><a href="#summary">back to summary</a></p><h3 id="m9">testscripts.buddyPress.enableMediaInProfileTest#enablemediaadmin</h3><table class="result"></table><p class="totop"><a href="#summary">back to summary</a></p><h3 id="m10">testscripts.buddyPress.enablePodcastingOtherRolesTest#enablePodcastingOther</h3><table class="result"></table><p class="totop"><a href="#summary">back to summary</a></p><h3 id="m11">testscripts.buddyPress.enablePodcastingTest#enablePodcastingAdmin</h3><table class="result"></table><p class="totop"><a href="#summary">back to summary</a></p><h3 id="m12">testscripts.buddyPress.limitNumberOfAlbumsPerUserOtherRolesTest#limitNumberOfAlbumsPerUsrOther</h3><table class="result"></table><p class="totop"><a href="#summary">back to summary</a></p><h3 id="m13">testscripts.buddyPress.limitNumberOfAlbumsPerUserTest#limitNumberOfAlbumsPerUsr</h3><table class="result"></table><p class="totop"><a href="#summary">back to summary</a></p><h3 id="m14">testscripts.buddyPress.numberOfMediaItemsInActivitySreamTest#numberOfMediaItemsInActivity</h3><table class="result"></table><p class="totop"><a href="#summary">back to summary</a></p><h3 id="m15">testscripts.buddyPress.organizeMediaIntoAlbumsOtherRolesTest#organizeMediaIntoAlbumsOther</h3><table class="result"></table><p class="totop"><a href="#summary">back to summary</a></p><h3 id="m16">testscripts.buddyPress.organizeMediaIntoAlbumsTest#organizeMediaInAlbums</h3><table class="result"></table><p class="totop"><a href="#summary">back to summary</a></p></body></html>