<?xml version="1.0" encoding="UTF-8"?>
<testsuite name="TestSuite" time="2,145.947" tests="17" errors="0" skipped="0" failures="2">
  <properties>
    <property name="java.runtime.name" value="Java(TM) SE Runtime Environment"/>
    <property name="sun.boot.library.path" value="/usr/lib/jvm/jdk1.8.0_25/jre/lib/amd64"/>
    <property name="java.vm.version" value="25.25-b02"/>
    <property name="java.vm.vendor" value="Oracle Corporation"/>
    <property name="java.vendor.url" value="http://java.oracle.com/"/>
    <property name="path.separator" value=":"/>
    <property name="guice.disable.misplaced.annotation.check" value="true"/>
    <property name="java.vm.name" value="Java HotSpot(TM) 64-Bit Server VM"/>
    <property name="file.encoding.pkg" value="sun.io"/>
    <property name="user.country" value="IN"/>
    <property name="sun.java.launcher" value="SUN_STANDARD"/>
    <property name="sun.os.patch.level" value="unknown"/>
    <property name="java.vm.specification.name" value="Java Virtual Machine Specification"/>
    <property name="user.dir" value="/home/rtcamp/GitClone/testing/target"/>
    <property name="groups" value="buddypress"/>
    <property name="java.runtime.version" value="1.8.0_25-b17"/>
    <property name="java.awt.graphicsenv" value="sun.awt.X11GraphicsEnvironment"/>
    <property name="basedir" value="/home/rtcamp/GitClone/testing"/>
    <property name="java.endorsed.dirs" value="/usr/lib/jvm/jdk1.8.0_25/jre/lib/endorsed"/>
    <property name="os.arch" value="amd64"/>
    <property name="java.io.tmpdir" value="/tmp"/>
    <property name="line.separator" value="&#10;"/>
    <property name="java.vm.specification.vendor" value="Oracle Corporation"/>
    <property name="os.name" value="Linux"/>
    <property name="classworlds.conf" value="/usr/share/maven/bin/m2.conf"/>
    <property name="sun.jnu.encoding" value="UTF-8"/>
    <property name="java.library.path" value="/usr/java/packages/lib/amd64:/usr/lib64:/lib64:/lib:/usr/lib"/>
    <property name="surefire.test.class.path" value="/home/rtcamp/GitClone/testing/target/test-classes:/home/rtcamp/GitClone/testing/target/classes:/home/rtcamp/.m2/repository/junit/junit/4.11/junit-4.11.jar:/home/rtcamp/.m2/repository/org/hamcrest/hamcrest-core/1.3/hamcrest-core-1.3.jar:/home/rtcamp/.m2/repository/org/seleniumhq/selenium/selenium-java/2.44.0/selenium-java-2.44.0.jar:/home/rtcamp/.m2/repository/org/seleniumhq/selenium/selenium-chrome-driver/2.44.0/selenium-chrome-driver-2.44.0.jar:/home/rtcamp/.m2/repository/org/seleniumhq/selenium/selenium-htmlunit-driver/2.44.0/selenium-htmlunit-driver-2.44.0.jar:/home/rtcamp/.m2/repository/net/sourceforge/htmlunit/htmlunit/2.15/htmlunit-2.15.jar:/home/rtcamp/.m2/repository/xalan/xalan/2.7.1/xalan-2.7.1.jar:/home/rtcamp/.m2/repository/xalan/serializer/2.7.1/serializer-2.7.1.jar:/home/rtcamp/.m2/repository/commons-collections/commons-collections/3.2.1/commons-collections-3.2.1.jar:/home/rtcamp/.m2/repository/org/apache/commons/commons-lang3/3.3.2/commons-lang3-3.3.2.jar:/home/rtcamp/.m2/repository/org/apache/httpcomponents/httpmime/4.3.3/httpmime-4.3.3.jar:/home/rtcamp/.m2/repository/net/sourceforge/htmlunit/htmlunit-core-js/2.15/htmlunit-core-js-2.15.jar:/home/rtcamp/.m2/repository/xerces/xercesImpl/2.11.0/xercesImpl-2.11.0.jar:/home/rtcamp/.m2/repository/xml-apis/xml-apis/1.4.01/xml-apis-1.4.01.jar:/home/rtcamp/.m2/repository/net/sourceforge/nekohtml/nekohtml/1.9.21/nekohtml-1.9.21.jar:/home/rtcamp/.m2/repository/net/sourceforge/cssparser/cssparser/0.9.14/cssparser-0.9.14.jar:/home/rtcamp/.m2/repository/org/w3c/css/sac/1.3/sac-1.3.jar:/home/rtcamp/.m2/repository/commons-logging/commons-logging/1.1.3/commons-logging-1.1.3.jar:/home/rtcamp/.m2/repository/org/eclipse/jetty/jetty-websocket/8.1.15.v20140411/jetty-websocket-8.1.15.v20140411.jar:/home/rtcamp/.m2/repository/org/eclipse/jetty/jetty-util/8.1.15.v20140411/jetty-util-8.1.15.v20140411.jar:/home/rtcamp/.m2/repository/org/eclipse/jetty/jetty-io/8.1.15.v20140411/jetty-io-8.1.15.v20140411.jar:/home/rtcamp/.m2/repository/org/eclipse/jetty/jetty-http/8.1.15.v20140411/jetty-http-8.1.15.v20140411.jar:/home/rtcamp/.m2/repository/org/apache/httpcomponents/httpclient/4.3.4/httpclient-4.3.4.jar:/home/rtcamp/.m2/repository/org/apache/httpcomponents/httpcore/4.3.2/httpcore-4.3.2.jar:/home/rtcamp/.m2/repository/org/seleniumhq/selenium/selenium-firefox-driver/2.44.0/selenium-firefox-driver-2.44.0.jar:/home/rtcamp/.m2/repository/commons-io/commons-io/2.4/commons-io-2.4.jar:/home/rtcamp/.m2/repository/org/apache/commons/commons-exec/1.1/commons-exec-1.1.jar:/home/rtcamp/.m2/repository/org/seleniumhq/selenium/selenium-ie-driver/2.44.0/selenium-ie-driver-2.44.0.jar:/home/rtcamp/.m2/repository/net/java/dev/jna/jna/3.4.0/jna-3.4.0.jar:/home/rtcamp/.m2/repository/net/java/dev/jna/platform/3.4.0/platform-3.4.0.jar:/home/rtcamp/.m2/repository/org/seleniumhq/selenium/selenium-safari-driver/2.44.0/selenium-safari-driver-2.44.0.jar:/home/rtcamp/.m2/repository/org/seleniumhq/selenium/selenium-support/2.44.0/selenium-support-2.44.0.jar:/home/rtcamp/.m2/repository/org/webbitserver/webbit/0.4.14/webbit-0.4.14.jar:/home/rtcamp/.m2/repository/io/netty/netty/3.5.2.Final/netty-3.5.2.Final.jar:/home/rtcamp/.m2/repository/org/seleniumhq/selenium/selenium-server/2.44.0/selenium-server-2.44.0.jar:/home/rtcamp/.m2/repository/org/bouncycastle/bcprov-jdk15on/1.48/bcprov-jdk15on-1.48.jar:/home/rtcamp/.m2/repository/org/bouncycastle/bcpkix-jdk15on/1.48/bcpkix-jdk15on-1.48.jar:/home/rtcamp/.m2/repository/mx4j/mx4j-tools/3.0.1/mx4j-tools-3.0.1.jar:/home/rtcamp/.m2/repository/org/mortbay/jetty/servlet-api-2.5/6.1.9/servlet-api-2.5-6.1.9.jar:/home/rtcamp/.m2/repository/org/seleniumhq/selenium/jetty-repacked/7.6.1/jetty-repacked-7.6.1.jar:/home/rtcamp/.m2/repository/org/seleniumhq/selenium/jetty-rc-repacked/5/jetty-rc-repacked-5.jar:/home/rtcamp/.m2/repository/net/jcip/jcip-annotations/1.0/jcip-annotations-1.0.jar:/home/rtcamp/.m2/repository/org/yaml/snakeyaml/1.8/snakeyaml-1.8.jar:/home/rtcamp/.m2/repository/commons-codec/commons-codec/1.9/commons-codec-1.9.jar:/home/rtcamp/.m2/repository/com/github/detro/phantomjsdriver/1.2.0/phantomjsdriver-1.2.0.jar:/home/rtcamp/.m2/repository/org/seleniumhq/selenium/selenium-remote-driver/2.41.0/selenium-remote-driver-2.41.0.jar:/home/rtcamp/.m2/repository/cglib/cglib-nodep/2.1_3/cglib-nodep-2.1_3.jar:/home/rtcamp/.m2/repository/org/json/json/20080701/json-20080701.jar:/home/rtcamp/.m2/repository/org/seleniumhq/selenium/selenium-api/2.41.0/selenium-api-2.41.0.jar:/home/rtcamp/.m2/repository/com/google/guava/guava/15.0/guava-15.0.jar:/home/rtcamp/.m2/repository/org/testng/testng/6.8.8/testng-6.8.8.jar:/home/rtcamp/.m2/repository/org/beanshell/bsh/2.0b4/bsh-2.0b4.jar:/home/rtcamp/.m2/repository/com/beust/jcommander/1.27/jcommander-1.27.jar:/home/rtcamp/.m2/repository/org/apache/maven/surefire/surefire-testng-utils/2.17/surefire-testng-utils-2.17.jar:/home/rtcamp/.m2/repository/org/apache/maven/surefire/surefire-grouper/2.17/surefire-grouper-2.17.jar:"/>
    <property name="java.specification.name" value="Java Platform API Specification"/>
    <property name="java.class.version" value="52.0"/>
    <property name="sun.management.compiler" value="HotSpot 64-Bit Tiered Compilers"/>
    <property name="os.version" value="3.13.0-45-generic"/>
    <property name="user.home" value="/home/rtcamp"/>
    <property name="user.timezone" value="Asia/Kolkata"/>
    <property name="java.awt.printerjob" value="sun.print.PSPrinterJob"/>
    <property name="java.specification.version" value="1.8"/>
    <property name="file.encoding" value="UTF-8"/>
    <property name="user.name" value="rtcamp"/>
    <property name="java.class.path" value="/usr/share/maven/boot/plexus-classworlds-2.x.jar"/>
    <property name="java.vm.specification.version" value="1.8"/>
    <property name="sun.arch.data.model" value="64"/>
    <property name="java.home" value="/usr/lib/jvm/jdk1.8.0_25/jre"/>
    <property name="sun.java.command" value="org.codehaus.plexus.classworlds.launcher.Launcher test -Dgroups=buddypress"/>
    <property name="java.specification.vendor" value="Oracle Corporation"/>
    <property name="user.language" value="en"/>
    <property name="awt.toolkit" value="sun.awt.X11.XToolkit"/>
    <property name="java.vm.info" value="mixed mode"/>
    <property name="java.version" value="1.8.0_25"/>
    <property name="java.ext.dirs" value="/usr/lib/jvm/jdk1.8.0_25/jre/lib/ext:/usr/java/packages/lib/ext"/>
    <property name="securerandom.source" value="file:/dev/./urandom"/>
    <property name="sun.boot.class.path" value="/usr/lib/jvm/jdk1.8.0_25/jre/lib/resources.jar:/usr/lib/jvm/jdk1.8.0_25/jre/lib/rt.jar:/usr/lib/jvm/jdk1.8.0_25/jre/lib/sunrsasign.jar:/usr/lib/jvm/jdk1.8.0_25/jre/lib/jsse.jar:/usr/lib/jvm/jdk1.8.0_25/jre/lib/jce.jar:/usr/lib/jvm/jdk1.8.0_25/jre/lib/charsets.jar:/usr/lib/jvm/jdk1.8.0_25/jre/lib/jfr.jar:/usr/lib/jvm/jdk1.8.0_25/jre/classes"/>
    <property name="java.vendor" value="Oracle Corporation"/>
    <property name="maven.home" value="/usr/share/maven"/>
    <property name="localRepository" value="/home/rtcamp/.m2/repository"/>
    <property name="file.separator" value="/"/>
    <property name="java.vendor.url.bug" value="http://bugreport.sun.com/bugreport/"/>
    <property name="sun.cpu.endian" value="little"/>
    <property name="sun.io.unicode.encoding" value="UnicodeLittle"/>
    <property name="sun.desktop" value="gnome"/>
    <property name="sun.cpu.isalist" value=""/>
  </properties>
  <testcase name="enablemediaadmin" classname="testscripts.buddyPress.ExperimentenableMediaInProfileTest" time="131.3"/>
  <testcase name="enablemediaadmin" classname="testscripts.buddyPress.enableMediaInProfileTest" time="129.712"/>
  <testcase name="enablePodcastingAdmin" classname="testscripts.buddyPress.enablePodcastingTest" time="109.862"/>
  <testcase name="numberOfMediaItemsInActivityOtherRoles" classname="testscripts.buddyPress.numberOfMediaItemsInActivitySreamOtherRolesTest" time="80.677">
    <failure message="Error communicating with the remote browser. It may have died.&#10;Build info: version: &apos;2.41.0&apos;, revision: &apos;3192d8a6c4449dc285928ba024779344f5423c58&apos;, time: &apos;2014-03-27 11:29:39&apos;&#10;System info: host: &apos;rtcamp-desktop&apos;, ip: &apos;127.0.1.1&apos;, os.name: &apos;Linux&apos;, os.arch: &apos;amd64&apos;, os.version: &apos;3.13.0-45-generic&apos;, java.version: &apos;1.8.0_25&apos;&#10;Driver info: driver.version: RemoteWebDriver" type="org.openqa.selenium.remote.UnreachableBrowserException">org.openqa.selenium.remote.UnreachableBrowserException: Error communicating with the remote browser. It may have died.
Build info: version: '2.41.0', revision: '3192d8a6c4449dc285928ba024779344f5423c58', time: '2014-03-27 11:29:39'
System info: host: 'rtcamp-desktop', ip: '127.0.1.1', os.name: 'Linux', os.arch: 'amd64', os.version: '3.13.0-45-generic', java.version: '1.8.0_25'
Driver info: driver.version: RemoteWebDriver
	at java.net.PlainSocketImpl.socketConnect(Native Method)
	at java.net.AbstractPlainSocketImpl.doConnect(AbstractPlainSocketImpl.java:345)
	at java.net.AbstractPlainSocketImpl.connectToAddress(AbstractPlainSocketImpl.java:206)
	at java.net.AbstractPlainSocketImpl.connect(AbstractPlainSocketImpl.java:188)
	at java.net.SocksSocketImpl.connect(SocksSocketImpl.java:392)
	at java.net.Socket.connect(Socket.java:589)
	at org.apache.http.conn.scheme.PlainSocketFactory.connectSocket(PlainSocketFactory.java:117)
	at org.apache.http.impl.conn.DefaultClientConnectionOperator.openConnection(DefaultClientConnectionOperator.java:177)
	at org.apache.http.impl.conn.AbstractPoolEntry.open(AbstractPoolEntry.java:144)
	at org.apache.http.impl.conn.AbstractPooledConnAdapter.open(AbstractPooledConnAdapter.java:131)
	at org.apache.http.impl.client.DefaultRequestDirector.tryConnect(DefaultRequestDirector.java:611)
	at org.apache.http.impl.client.DefaultRequestDirector.execute(DefaultRequestDirector.java:446)
	at org.apache.http.impl.client.AbstractHttpClient.doExecute(AbstractHttpClient.java:863)
	at org.apache.http.impl.client.CloseableHttpClient.execute(CloseableHttpClient.java:72)
	at org.apache.http.impl.client.CloseableHttpClient.execute(CloseableHttpClient.java:57)
	at org.openqa.selenium.remote.HttpCommandExecutor.fallBackExecute(HttpCommandExecutor.java:340)
	at org.openqa.selenium.remote.HttpCommandExecutor.execute(HttpCommandExecutor.java:301)
	at org.openqa.selenium.phantomjs.PhantomJSCommandExecutor.execute(PhantomJSCommandExecutor.java:82)
	at org.openqa.selenium.remote.RemoteWebDriver.execute(RemoteWebDriver.java:568)
	at org.openqa.selenium.remote.RemoteWebElement.execute(RemoteWebElement.java:268)
	at org.openqa.selenium.remote.RemoteWebElement.click(RemoteWebElement.java:79)
	at testscripts.buddyPress.numberOfMediaItemsInActivitySreamOtherRolesTest.numberOfMediaItemsInActivityOtherRoles(numberOfMediaItemsInActivitySreamOtherRolesTest.java:123)
</failure>
    <system-out><![CDATA[Correctly Logged In
Clicked Activity
Attach Files Clicked
Media visible in activity < = No of Media items value set. 
Post Update button clicked
 Media Uploaded
]]></system-out>
    <system-err><![CDATA[Feb 24, 2015 2:36:08 PM org.openqa.selenium.phantomjs.PhantomJSDriverService <init>
INFO: executable: /usr/local/bin/phantomjs
Feb 24, 2015 2:36:08 PM org.openqa.selenium.phantomjs.PhantomJSDriverService <init>
INFO: port: 17059
Feb 24, 2015 2:36:08 PM org.openqa.selenium.phantomjs.PhantomJSDriverService <init>
INFO: arguments: [--webdriver=17059, --webdriver-logfile=/home/rtcamp/GitClone/testing/target/phantomjsdriver.log]
Feb 24, 2015 2:36:08 PM org.openqa.selenium.phantomjs.PhantomJSDriverService <init>
INFO: environment: {}
PhantomJS is launching GhostDriver...
[INFO  - 2015-02-24T09:06:08.373Z] GhostDriver - Main - running on port 17059
[INFO  - 2015-02-24T09:06:08.761Z] Session [5efe1b40-bc04-11e4-855e-07d04da63ad9] - page.settings - {"XSSAuditingEnabled":false,"javascriptCanCloseWindows":true,"javascriptCanOpenWindows":true,"javascriptEnabled":true,"loadImages":true,"localToRemoteUrlAccessEnabled":false,"userAgent":"Mozilla/5.0 (Unknown; Linux x86_64) AppleWebKit/534.34 (KHTML, like Gecko) PhantomJS/1.9.7 Safari/534.34","webSecurityEnabled":true}
[INFO  - 2015-02-24T09:06:08.761Z] Session [5efe1b40-bc04-11e4-855e-07d04da63ad9] - page.customHeaders:  - {}
[INFO  - 2015-02-24T09:06:08.761Z] Session [5efe1b40-bc04-11e4-855e-07d04da63ad9] - Session.negotiatedCapabilities - {"browserName":"phantomjs","version":"1.9.7","driverName":"ghostdriver","driverVersion":"1.1.0","platform":"linux-unknown-64bit","javascriptEnabled":true,"takesScreenshot":true,"handlesAlerts":false,"databaseEnabled":false,"locationContextEnabled":false,"applicationCacheEnabled":false,"browserConnectionEnabled":false,"cssSelectorsEnabled":true,"webStorageEnabled":false,"rotatable":false,"acceptSslCerts":false,"nativeEvents":true,"proxy":{"proxyType":"direct"}}
[INFO  - 2015-02-24T09:06:08.761Z] SessionManagerReqHand - _postNewSessionCommand - New Session Created: 5efe1b40-bc04-11e4-855e-07d04da63ad9
PhantomJS has crashed. Please read the crash reporting guide at https://github.com/ariya/phantomjs/wiki/Crash-Reporting and file a bug report at https://github.com/ariya/phantomjs/issues/new with the crash dump file attached: /tmp/attached: /tmp/8f4-36c7acd5-2fcd4-36.dmp
]]></system-err>
  </testcase>
  <testcase name="enablemediagroup" classname="testscripts.buddyPress.enableMediaInGroupTest" time="148.265"/>
  <testcase name="enablemediaotherroles" classname="testscripts.buddyPress.enableMediaInProfileOtherRolesTest" time="135.587"/>
  <testcase name="enablePodcastingOther" classname="testscripts.buddyPress.enablePodcastingOtherRolesTest" time="123.044"/>
  <testcase name="allowUserCreateNewAlbumsOther" classname="testscripts.buddyPress.allowUserToCreateNewAlbumsOtherRolesTest" time="105.893">
    <failure message="{&quot;errorMessage&quot;:&quot;Unable to find element with css selector &apos;#wp-admin-bar-site-name &gt; a.ab-item&apos;&quot;,&quot;request&quot;:{&quot;headers&quot;:{&quot;Accept&quot;:&quot;application/json, image/png&quot;,&quot;Connection&quot;:&quot;Keep-Alive&quot;,&quot;Content-Length&quot;:&quot;70&quot;,&quot;Content-Type&quot;:&quot;application/json; charset=utf-8&quot;,&quot;Host&quot;:&quot;localhost:15603&quot;},&quot;httpVersion&quot;:&quot;1.1&quot;,&quot;method&quot;:&quot;POST&quot;,&quot;post&quot;:&quot;{\&quot;using\&quot;:\&quot;css selector\&quot;,\&quot;value\&quot;:\&quot;#wp-admin-bar-site-name &gt; a.ab-item\&quot;}&quot;,&quot;url&quot;:&quot;/element&quot;,&quot;urlParsed&quot;:{&quot;anchor&quot;:&quot;&quot;,&quot;query&quot;:&quot;&quot;,&quot;file&quot;:&quot;element&quot;,&quot;directory&quot;:&quot;/&quot;,&quot;path&quot;:&quot;/element&quot;,&quot;relative&quot;:&quot;/element&quot;,&quot;port&quot;:&quot;&quot;,&quot;host&quot;:&quot;&quot;,&quot;password&quot;:&quot;&quot;,&quot;user&quot;:&quot;&quot;,&quot;userInfo&quot;:&quot;&quot;,&quot;authority&quot;:&quot;&quot;,&quot;protocol&quot;:&quot;&quot;,&quot;source&quot;:&quot;/element&quot;,&quot;queryKey&quot;:{},&quot;chunks&quot;:[&quot;element&quot;]},&quot;urlOriginal&quot;:&quot;/session/ad708b90-bc05-11e4-9fc9-49444621a2c8/element&quot;}}&#10;Command duration or timeout: 10.89 seconds&#10;For documentation on this error, please visit: http://seleniumhq.org/exceptions/no_such_element.html&#10;Build info: version: &apos;2.41.0&apos;, revision: &apos;3192d8a6c4449dc285928ba024779344f5423c58&apos;, time: &apos;2014-03-27 11:29:39&apos;&#10;System info: host: &apos;rtcamp-desktop&apos;, ip: &apos;127.0.1.1&apos;, os.name: &apos;Linux&apos;, os.arch: &apos;amd64&apos;, os.version: &apos;3.13.0-45-generic&apos;, java.version: &apos;1.8.0_25&apos;&#10;Driver info: org.openqa.selenium.phantomjs.PhantomJSDriver&#10;Capabilities [{applicationCacheEnabled=false, rotatable=false, handlesAlerts=false, databaseEnabled=false, version=1.9.7, platform=LINUX, browserConnectionEnabled=false, proxy={proxyType=direct}, nativeEvents=true, acceptSslCerts=false, driverVersion=1.1.0, locationContextEnabled=false, webStorageEnabled=false, browserName=phantomjs, takesScreenshot=true, driverName=ghostdriver, javascriptEnabled=true, cssSelectorsEnabled=true}]&#10;Session ID: ad708b90-bc05-11e4-9fc9-49444621a2c8" type="org.openqa.selenium.NoSuchElementException">org.openqa.selenium.NoSuchElementException: {"errorMessage":"Unable to find element with css selector '#wp-admin-bar-site-name > a.ab-item'","request":{"headers":{"Accept":"application/json, image/png","Connection":"Keep-Alive","Content-Length":"70","Content-Type":"application/json; charset=utf-8","Host":"localhost:15603"},"httpVersion":"1.1","method":"POST","post":"{\"using\":\"css selector\",\"value\":\"#wp-admin-bar-site-name > a.ab-item\"}","url":"/element","urlParsed":{"anchor":"","query":"","file":"element","directory":"/","path":"/element","relative":"/element","port":"","host":"","password":"","user":"","userInfo":"","authority":"","protocol":"","source":"/element","queryKey":{},"chunks":["element"]},"urlOriginal":"/session/ad708b90-bc05-11e4-9fc9-49444621a2c8/element"}}
Command duration or timeout: 10.89 seconds
For documentation on this error, please visit: http://seleniumhq.org/exceptions/no_such_element.html
Build info: version: '2.41.0', revision: '3192d8a6c4449dc285928ba024779344f5423c58', time: '2014-03-27 11:29:39'
System info: host: 'rtcamp-desktop', ip: '127.0.1.1', os.name: 'Linux', os.arch: 'amd64', os.version: '3.13.0-45-generic', java.version: '1.8.0_25'
Driver info: org.openqa.selenium.phantomjs.PhantomJSDriver
Capabilities [{applicationCacheEnabled=false, rotatable=false, handlesAlerts=false, databaseEnabled=false, version=1.9.7, platform=LINUX, browserConnectionEnabled=false, proxy={proxyType=direct}, nativeEvents=true, acceptSslCerts=false, driverVersion=1.1.0, locationContextEnabled=false, webStorageEnabled=false, browserName=phantomjs, takesScreenshot=true, driverName=ghostdriver, javascriptEnabled=true, cssSelectorsEnabled=true}]
Session ID: ad708b90-bc05-11e4-9fc9-49444621a2c8
	at org.openqa.selenium.remote.ErrorHandler.throwIfResponseFailed(ErrorHandler.java:125)
	at org.openqa.selenium.remote.RemoteWebDriver.execute(RemoteWebDriver.java:595)
	at org.openqa.selenium.remote.RemoteWebDriver.findElement(RemoteWebDriver.java:348)
	at org.openqa.selenium.remote.RemoteWebDriver.findElementByCssSelector(RemoteWebDriver.java:437)
	at org.openqa.selenium.By$ByCssSelector.findElement(By.java:425)
	at org.openqa.selenium.remote.RemoteWebDriver.findElement(RemoteWebDriver.java:340)
	at testscripts.buddyPress.allowUserToCreateNewAlbumsOtherRolesTest.allowUserCreateNewAlbumsOther(allowUserToCreateNewAlbumsOtherRolesTest.java:127)
Caused by: org.openqa.selenium.remote.ErrorHandler$UnknownServerException: {"errorMessage":"Unable to find element with css selector '#wp-admin-bar-site-name > a.ab-item'","request":{"headers":{"Accept":"application/json, image/png","Connection":"Keep-Alive","Content-Length":"70","Content-Type":"application/json; charset=utf-8","Host":"localhost:15603"},"httpVersion":"1.1","method":"POST","post":"{\"using\":\"css selector\",\"value\":\"#wp-admin-bar-site-name > a.ab-item\"}","url":"/element","urlParsed":{"anchor":"","query":"","file":"element","directory":"/","path":"/element","relative":"/element","port":"","host":"","password":"","user":"","userInfo":"","authority":"","protocol":"","source":"/element","queryKey":{},"chunks":["element"]},"urlOriginal":"/session/ad708b90-bc05-11e4-9fc9-49444621a2c8/element"}}
Build info: version: '2.41.0', revision: '3192d8a6c4449dc285928ba024779344f5423c58', time: '2014-03-27 11:29:39'
System info: host: 'rtcamp-desktop', ip: '127.0.1.1', os.name: 'Linux', os.arch: 'amd64', os.version: '3.13.0-45-generic', java.version: '1.8.0_25'
Driver info: driver.version: unknown
</failure>
    <system-out><![CDATA[Correctly Logged In
Dashboard Clicked
rtMedia Clicked
BuddyPress Tab Opened
'Organise Media into Albums' is already on
'Allow User To Create New Albums' is already on
rtMedia Settings Saved
Correctly Logged In
]]></system-out>
    <system-err><![CDATA[Feb 24, 2015 2:44:15 PM org.openqa.selenium.phantomjs.PhantomJSDriverService <init>
INFO: executable: /usr/local/bin/phantomjs
Feb 24, 2015 2:44:15 PM org.openqa.selenium.phantomjs.PhantomJSDriverService <init>
INFO: port: 19091
Feb 24, 2015 2:44:15 PM org.openqa.selenium.phantomjs.PhantomJSDriverService <init>
INFO: arguments: [--webdriver=19091, --webdriver-logfile=/home/rtcamp/GitClone/testing/target/phantomjsdriver.log]
Feb 24, 2015 2:44:15 PM org.openqa.selenium.phantomjs.PhantomJSDriverService <init>
INFO: environment: {}
PhantomJS is launching GhostDriver...
[INFO  - 2015-02-24T09:14:16.002Z] GhostDriver - Main - running on port 19091
[INFO  - 2015-02-24T09:14:16.356Z] Session [819f32f0-bc05-11e4-9fae-255c2fd04587] - page.settings - {"XSSAuditingEnabled":false,"javascriptCanCloseWindows":true,"javascriptCanOpenWindows":true,"javascriptEnabled":true,"loadImages":true,"localToRemoteUrlAccessEnabled":false,"userAgent":"Mozilla/5.0 (Unknown; Linux x86_64) AppleWebKit/534.34 (KHTML, like Gecko) PhantomJS/1.9.7 Safari/534.34","webSecurityEnabled":true}
[INFO  - 2015-02-24T09:14:16.358Z] Session [819f32f0-bc05-11e4-9fae-255c2fd04587] - page.customHeaders:  - {}
[INFO  - 2015-02-24T09:14:16.358Z] Session [819f32f0-bc05-11e4-9fae-255c2fd04587] - Session.negotiatedCapabilities - {"browserName":"phantomjs","version":"1.9.7","driverName":"ghostdriver","driverVersion":"1.1.0","platform":"linux-unknown-64bit","javascriptEnabled":true,"takesScreenshot":true,"handlesAlerts":false,"databaseEnabled":false,"locationContextEnabled":false,"applicationCacheEnabled":false,"browserConnectionEnabled":false,"cssSelectorsEnabled":true,"webStorageEnabled":false,"rotatable":false,"acceptSslCerts":false,"nativeEvents":true,"proxy":{"proxyType":"direct"}}
[INFO  - 2015-02-24T09:14:16.360Z] SessionManagerReqHand - _postNewSessionCommand - New Session Created: 819f32f0-bc05-11e4-9fae-255c2fd04587
[INFO  - 2015-02-24T09:14:57.410Z] SessionManagerReqHand - _cleanupWindowlessSessions - Asynchronous Sessions clean-up phase starting NOW
[INFO  - 2015-02-24T09:15:28.793Z] ShutdownReqHand - _handle - About to shutdown
Feb 24, 2015 2:45:29 PM org.openqa.selenium.phantomjs.PhantomJSDriverService <init>
INFO: executable: /usr/local/bin/phantomjs
Feb 24, 2015 2:45:29 PM org.openqa.selenium.phantomjs.PhantomJSDriverService <init>
INFO: port: 15603
Feb 24, 2015 2:45:29 PM org.openqa.selenium.phantomjs.PhantomJSDriverService <init>
INFO: arguments: [--webdriver=15603, --webdriver-logfile=/home/rtcamp/GitClone/testing/target/phantomjsdriver.log]
Feb 24, 2015 2:45:29 PM org.openqa.selenium.phantomjs.PhantomJSDriverService <init>
INFO: environment: {}
PhantomJS is launching GhostDriver...
[INFO  - 2015-02-24T09:15:29.471Z] GhostDriver - Main - running on port 15603
[INFO  - 2015-02-24T09:15:29.870Z] Session [ad708b90-bc05-11e4-9fc9-49444621a2c8] - page.settings - {"XSSAuditingEnabled":false,"javascriptCanCloseWindows":true,"javascriptCanOpenWindows":true,"javascriptEnabled":true,"loadImages":true,"localToRemoteUrlAccessEnabled":false,"userAgent":"Mozilla/5.0 (Unknown; Linux x86_64) AppleWebKit/534.34 (KHTML, like Gecko) PhantomJS/1.9.7 Safari/534.34","webSecurityEnabled":true}
[INFO  - 2015-02-24T09:15:29.870Z] Session [ad708b90-bc05-11e4-9fc9-49444621a2c8] - page.customHeaders:  - {}
[INFO  - 2015-02-24T09:15:29.870Z] Session [ad708b90-bc05-11e4-9fc9-49444621a2c8] - Session.negotiatedCapabilities - {"browserName":"phantomjs","version":"1.9.7","driverName":"ghostdriver","driverVersion":"1.1.0","platform":"linux-unknown-64bit","javascriptEnabled":true,"takesScreenshot":true,"handlesAlerts":false,"databaseEnabled":false,"locationContextEnabled":false,"applicationCacheEnabled":false,"browserConnectionEnabled":false,"cssSelectorsEnabled":true,"webStorageEnabled":false,"rotatable":false,"acceptSslCerts":false,"nativeEvents":true,"proxy":{"proxyType":"direct"}}
[INFO  - 2015-02-24T09:15:29.870Z] SessionManagerReqHand - _postNewSessionCommand - New Session Created: ad708b90-bc05-11e4-9fc9-49444621a2c8
[ERROR - 2015-02-24T09:16:00.840Z] WebElementLocator - _handleLocateCommand - Element(s) NOT Found: GAVE UP. Search Stop Time: 1424769360795
]]></system-err>
  </testcase>
  <testcase name="limitNumberOfAlbumsPerUsr" classname="testscripts.buddyPress.limitNumberOfAlbumsPerUserTest" time="108.257"/>
  <testcase name="uploadactivity" classname="testscripts.buddyPress.allowUploadFromActivityStreamTest" time="154.959"/>
  <testcase name="numberOfMediaItemsInActivity" classname="testscripts.buddyPress.numberOfMediaItemsInActivitySreamTest" time="122.619"/>
  <testcase name="allowUploadFromActivityStreamOther" classname="testscripts.buddyPress.allowUploadFromActivityStreamOtherRolesTest" time="159.616"/>
  <testcase name="organizeMediaInAlbums" classname="testscripts.buddyPress.organizeMediaIntoAlbumsTest" time="117.031"/>
  <testcase name="allowUserCreateNewAlbums" classname="testscripts.buddyPress.allowUserToCreateNewAlbumsTest" time="105.33"/>
  <testcase name="limitNumberOfAlbumsPerUsrOther" classname="testscripts.buddyPress.limitNumberOfAlbumsPerUserOtherRolesTest" time="162.714"/>
  <testcase name="organizeMediaIntoAlbumsOther" classname="testscripts.buddyPress.organizeMediaIntoAlbumsOtherRolesTest" time="107.829"/>
  <testcase name="enableMediaInGroupOther" classname="testscripts.buddyPress.enableMediaInGroupOtherRolesTest" time="143.252"/>
</testsuite>