<?xml version="1.0" encoding="UTF-8"?>
<testng-results skipped="0" failed="2" total="17" passed="15">
  <reporter-output>
  </reporter-output>
  <suite name="Surefire suite" duration-ms="2146000" started-at="2015-02-24T08:59:57Z" finished-at="2015-02-24T09:35:43Z">
    <groups>
      <group name="buddypress">
        <method signature="ExperimentenableMediaInProfileTest.enablemediaadmin()[pri:0, instance:testscripts.buddyPress.ExperimentenableMediaInProfileTest@2b59285c]" name="enablemediaadmin" class="testscripts.buddyPress.ExperimentenableMediaInProfileTest"/>
        <method signature="allowUploadFromActivityStreamOtherRolesTest.allowUploadFromActivityStreamOther()[pri:0, instance:testscripts.buddyPress.allowUploadFromActivityStreamOtherRolesTest@6ea04064]" name="allowUploadFromActivityStreamOther" class="testscripts.buddyPress.allowUploadFromActivityStreamOtherRolesTest"/>
        <method signature="allowUploadFromActivityStreamTest.uploadactivity()[pri:0, instance:testscripts.buddyPress.allowUploadFromActivityStreamTest@a0b11]" name="uploadactivity" class="testscripts.buddyPress.allowUploadFromActivityStreamTest"/>
        <method signature="allowUserToCreateNewAlbumsOtherRolesTest.allowUserCreateNewAlbumsOther()[pri:0, instance:testscripts.buddyPress.allowUserToCreateNewAlbumsOtherRolesTest@11aeb673]" name="allowUserCreateNewAlbumsOther" class="testscripts.buddyPress.allowUserToCreateNewAlbumsOtherRolesTest"/>
        <method signature="allowUserToCreateNewAlbumsTest.allowUserCreateNewAlbums()[pri:0, instance:testscripts.buddyPress.allowUserToCreateNewAlbumsTest@4bec8704]" name="allowUserCreateNewAlbums" class="testscripts.buddyPress.allowUserToCreateNewAlbumsTest"/>
        <method signature="enableMediaInGroupOtherRolesTest.enableMediaInGroupOther()[pri:0, instance:testscripts.buddyPress.enableMediaInGroupOtherRolesTest@125ce4b7]" name="enableMediaInGroupOther" class="testscripts.buddyPress.enableMediaInGroupOtherRolesTest"/>
        <method signature="enableMediaInGroupTest.enablemediagroup()[pri:0, instance:testscripts.buddyPress.enableMediaInGroupTest@16019c16]" name="enablemediagroup" class="testscripts.buddyPress.enableMediaInGroupTest"/>
        <method signature="enableMediaInProfileOtherRolesTest.enablemediaotherroles()[pri:0, instance:testscripts.buddyPress.enableMediaInProfileOtherRolesTest@30ca1686]" name="enablemediaotherroles" class="testscripts.buddyPress.enableMediaInProfileOtherRolesTest"/>
        <method signature="enableMediaInProfileTest.enablemediaadmin()[pri:0, instance:testscripts.buddyPress.enableMediaInProfileTest@4435c9b9]" name="enablemediaadmin" class="testscripts.buddyPress.enableMediaInProfileTest"/>
        <method signature="enablePodcastingOtherRolesTest.enablePodcastingOther()[pri:0, instance:testscripts.buddyPress.enablePodcastingOtherRolesTest@2ea7e25d]" name="enablePodcastingOther" class="testscripts.buddyPress.enablePodcastingOtherRolesTest"/>
        <method signature="enablePodcastingTest.enablePodcastingAdmin()[pri:0, instance:testscripts.buddyPress.enablePodcastingTest@ae8aade]" name="enablePodcastingAdmin" class="testscripts.buddyPress.enablePodcastingTest"/>
        <method signature="limitNumberOfAlbumsPerUserOtherRolesTest.limitNumberOfAlbumsPerUsrOther()[pri:0, instance:testscripts.buddyPress.limitNumberOfAlbumsPerUserOtherRolesTest@21041ffb]" name="limitNumberOfAlbumsPerUsrOther" class="testscripts.buddyPress.limitNumberOfAlbumsPerUserOtherRolesTest"/>
        <method signature="limitNumberOfAlbumsPerUserTest.limitNumberOfAlbumsPerUsr()[pri:0, instance:testscripts.buddyPress.limitNumberOfAlbumsPerUserTest@5ef98f3f]" name="limitNumberOfAlbumsPerUsr" class="testscripts.buddyPress.limitNumberOfAlbumsPerUserTest"/>
        <method signature="numberOfMediaItemsInActivitySreamOtherRolesTest.numberOfMediaItemsInActivityOtherRoles()[pri:0, instance:testscripts.buddyPress.numberOfMediaItemsInActivitySreamOtherRolesTest@692cab82]" name="numberOfMediaItemsInActivityOtherRoles" class="testscripts.buddyPress.numberOfMediaItemsInActivitySreamOtherRolesTest"/>
        <method signature="numberOfMediaItemsInActivitySreamTest.numberOfMediaItemsInActivity()[pri:0, instance:testscripts.buddyPress.numberOfMediaItemsInActivitySreamTest@73d76b9d]" name="numberOfMediaItemsInActivity" class="testscripts.buddyPress.numberOfMediaItemsInActivitySreamTest"/>
        <method signature="organizeMediaIntoAlbumsOtherRolesTest.organizeMediaIntoAlbumsOther()[pri:0, instance:testscripts.buddyPress.organizeMediaIntoAlbumsOtherRolesTest@3d6527bf]" name="organizeMediaIntoAlbumsOther" class="testscripts.buddyPress.organizeMediaIntoAlbumsOtherRolesTest"/>
        <method signature="organizeMediaIntoAlbumsTest.organizeMediaInAlbums()[pri:0, instance:testscripts.buddyPress.organizeMediaIntoAlbumsTest@1a77faae]" name="organizeMediaInAlbums" class="testscripts.buddyPress.organizeMediaIntoAlbumsTest"/>
      </group> <!-- buddypress -->
    </groups>
    <test name="Surefire test" duration-ms="2146000" started-at="2015-02-24T08:59:57Z" finished-at="2015-02-24T09:35:43Z">
      <class name="testscripts.buddyPress.enableMediaInGroupOtherRolesTest">
        <test-method status="PASS" signature="enableMediaInGroupOther()[pri:0, instance:testscripts.buddyPress.enableMediaInGroupOtherRolesTest@125ce4b7]" name="enableMediaInGroupOther" duration-ms="143252" started-at="2015-02-24T15:03:20Z" finished-at="2015-02-24T15:05:43Z">
          <reporter-output>
          </reporter-output>
        </test-method> <!-- enableMediaInGroupOther -->
      </class> <!-- testscripts.buddyPress.enableMediaInGroupOtherRolesTest -->
      <class name="testscripts.buddyPress.limitNumberOfAlbumsPerUserTest">
        <test-method status="PASS" signature="limitNumberOfAlbumsPerUsr()[pri:0, instance:testscripts.buddyPress.limitNumberOfAlbumsPerUserTest@5ef98f3f]" name="limitNumberOfAlbumsPerUsr" duration-ms="108257" started-at="2015-02-24T14:46:01Z" finished-at="2015-02-24T14:47:49Z">
          <reporter-output>
          </reporter-output>
        </test-method> <!-- limitNumberOfAlbumsPerUsr -->
      </class> <!-- testscripts.buddyPress.limitNumberOfAlbumsPerUserTest -->
      <class name="testscripts.buddyPress.enableMediaInGroupTest">
        <test-method status="PASS" signature="enablemediagroup()[pri:0, instance:testscripts.buddyPress.enableMediaInGroupTest@16019c16]" name="enablemediagroup" duration-ms="148265" started-at="2015-02-24T14:37:28Z" finished-at="2015-02-24T14:39:57Z">
          <reporter-output>
          </reporter-output>
        </test-method> <!-- enablemediagroup -->
      </class> <!-- testscripts.buddyPress.enableMediaInGroupTest -->
      <class name="testscripts.buddyPress.numberOfMediaItemsInActivitySreamTest">
        <test-method status="PASS" signature="numberOfMediaItemsInActivity()[pri:0, instance:testscripts.buddyPress.numberOfMediaItemsInActivitySreamTest@73d76b9d]" name="numberOfMediaItemsInActivity" duration-ms="122619" started-at="2015-02-24T14:50:24Z" finished-at="2015-02-24T14:52:27Z">
          <reporter-output>
          </reporter-output>
        </test-method> <!-- numberOfMediaItemsInActivity -->
      </class> <!-- testscripts.buddyPress.numberOfMediaItemsInActivitySreamTest -->
      <class name="testscripts.buddyPress.allowUploadFromActivityStreamTest">
        <test-method status="PASS" signature="uploadactivity()[pri:0, instance:testscripts.buddyPress.allowUploadFromActivityStreamTest@a0b11]" name="uploadactivity" duration-ms="154959" started-at="2015-02-24T14:47:49Z" finished-at="2015-02-24T14:50:24Z">
          <reporter-output>
          </reporter-output>
        </test-method> <!-- uploadactivity -->
      </class> <!-- testscripts.buddyPress.allowUploadFromActivityStreamTest -->
      <class name="testscripts.buddyPress.enableMediaInProfileOtherRolesTest">
        <test-method status="PASS" signature="enablemediaotherroles()[pri:0, instance:testscripts.buddyPress.enableMediaInProfileOtherRolesTest@30ca1686]" name="enablemediaotherroles" duration-ms="135587" started-at="2015-02-24T14:39:57Z" finished-at="2015-02-24T14:42:12Z">
          <reporter-output>
          </reporter-output>
        </test-method> <!-- enablemediaotherroles -->
      </class> <!-- testscripts.buddyPress.enableMediaInProfileOtherRolesTest -->
      <class name="testscripts.buddyPress.organizeMediaIntoAlbumsTest">
        <test-method status="PASS" signature="organizeMediaInAlbums()[pri:0, instance:testscripts.buddyPress.organizeMediaIntoAlbumsTest@1a77faae]" name="organizeMediaInAlbums" duration-ms="117031" started-at="2015-02-24T14:55:07Z" finished-at="2015-02-24T14:57:04Z">
          <reporter-output>
          </reporter-output>
        </test-method> <!-- organizeMediaInAlbums -->
      </class> <!-- testscripts.buddyPress.organizeMediaIntoAlbumsTest -->
      <class name="testscripts.buddyPress.enablePodcastingOtherRolesTest">
        <test-method status="PASS" signature="enablePodcastingOther()[pri:0, instance:testscripts.buddyPress.enablePodcastingOtherRolesTest@2ea7e25d]" name="enablePodcastingOther" duration-ms="123044" started-at="2015-02-24T14:42:12Z" finished-at="2015-02-24T14:44:15Z">
          <reporter-output>
          </reporter-output>
        </test-method> <!-- enablePodcastingOther -->
      </class> <!-- testscripts.buddyPress.enablePodcastingOtherRolesTest -->
      <class name="testscripts.buddyPress.allowUploadFromActivityStreamOtherRolesTest">
        <test-method status="PASS" signature="allowUploadFromActivityStreamOther()[pri:0, instance:testscripts.buddyPress.allowUploadFromActivityStreamOtherRolesTest@6ea04064]" name="allowUploadFromActivityStreamOther" duration-ms="159617" started-at="2015-02-24T14:52:27Z" finished-at="2015-02-24T14:55:07Z">
          <reporter-output>
          </reporter-output>
        </test-method> <!-- allowUploadFromActivityStreamOther -->
      </class> <!-- testscripts.buddyPress.allowUploadFromActivityStreamOtherRolesTest -->
      <class name="testscripts.buddyPress.enablePodcastingTest">
        <test-method status="PASS" signature="enablePodcastingAdmin()[pri:0, instance:testscripts.buddyPress.enablePodcastingTest@ae8aade]" name="enablePodcastingAdmin" duration-ms="109862" started-at="2015-02-24T14:34:18Z" finished-at="2015-02-24T14:36:08Z">
          <reporter-output>
          </reporter-output>
        </test-method> <!-- enablePodcastingAdmin -->
      </class> <!-- testscripts.buddyPress.enablePodcastingTest -->
      <class name="testscripts.buddyPress.numberOfMediaItemsInActivitySreamOtherRolesTest">
        <test-method status="FAIL" signature="numberOfMediaItemsInActivityOtherRoles()[pri:0, instance:testscripts.buddyPress.numberOfMediaItemsInActivitySreamOtherRolesTest@692cab82]" name="numberOfMediaItemsInActivityOtherRoles" duration-ms="80671" started-at="2015-02-24T14:36:08Z" finished-at="2015-02-24T14:37:28Z">
          <exception class="org.openqa.selenium.remote.UnreachableBrowserException">
            <message>
              <![CDATA[Error communicating with the remote browser. It may have died.
Build info: version: '2.41.0', revision: '3192d8a6c4449dc285928ba024779344f5423c58', time: '2014-03-27 11:29:39'
System info: host: 'rtcamp-desktop', ip: '127.0.1.1', os.name: 'Linux', os.arch: 'amd64', os.version: '3.13.0-45-generic', java.version: '1.8.0_25'
Driver info: driver.version: RemoteWebDriver]]>
            </message>
            <full-stacktrace>
              <![CDATA[org.openqa.selenium.remote.UnreachableBrowserException: Error communicating with the remote browser. It may have died.
Build info: version: '2.41.0', revision: '3192d8a6c4449dc285928ba024779344f5423c58', time: '2014-03-27 11:29:39'
System info: host: 'rtcamp-desktop', ip: '127.0.1.1', os.name: 'Linux', os.arch: 'amd64', os.version: '3.13.0-45-generic', java.version: '1.8.0_25'
Driver info: driver.version: RemoteWebDriver
	at org.openqa.selenium.remote.RemoteWebDriver.execute(RemoteWebDriver.java:589)
	at org.openqa.selenium.remote.RemoteWebElement.execute(RemoteWebElement.java:268)
	at org.openqa.selenium.remote.RemoteWebElement.click(RemoteWebElement.java:79)
	at testscripts.buddyPress.numberOfMediaItemsInActivitySreamOtherRolesTest.numberOfMediaItemsInActivityOtherRoles(numberOfMediaItemsInActivitySreamOtherRolesTest.java:123)
	at sun.reflect.NativeMethodAccessorImpl.invoke0(Native Method)
	at sun.reflect.NativeMethodAccessorImpl.invoke(NativeMethodAccessorImpl.java:62)
	at sun.reflect.DelegatingMethodAccessorImpl.invoke(DelegatingMethodAccessorImpl.java:43)
	at java.lang.reflect.Method.invoke(Method.java:483)
	at org.testng.internal.MethodInvocationHelper.invokeMethod(MethodInvocationHelper.java:84)
	at org.testng.internal.Invoker.invokeMethod(Invoker.java:714)
	at org.testng.internal.Invoker.invokeTestMethod(Invoker.java:901)
	at org.testng.internal.Invoker.invokeTestMethods(Invoker.java:1231)
	at org.testng.internal.TestMethodWorker.invokeTestMethods(TestMethodWorker.java:127)
	at org.testng.internal.TestMethodWorker.run(TestMethodWorker.java:111)
	at org.testng.TestRunner.privateRun(TestRunner.java:767)
	at org.testng.TestRunner.run(TestRunner.java:617)
	at org.testng.SuiteRunner.runTest(SuiteRunner.java:348)
	at org.testng.SuiteRunner.runSequentially(SuiteRunner.java:343)
	at org.testng.SuiteRunner.privateRun(SuiteRunner.java:305)
	at org.testng.SuiteRunner.run(SuiteRunner.java:254)
	at org.testng.SuiteRunnerWorker.runSuite(SuiteRunnerWorker.java:52)
	at org.testng.SuiteRunnerWorker.run(SuiteRunnerWorker.java:86)
	at org.testng.TestNG.runSuitesSequentially(TestNG.java:1224)
	at org.testng.TestNG.runSuitesLocally(TestNG.java:1149)
	at org.testng.TestNG.run(TestNG.java:1057)
	at org.apache.maven.surefire.testng.TestNGExecutor.run(TestNGExecutor.java:115)
	at org.apache.maven.surefire.testng.TestNGDirectoryTestSuite.executeMulti(TestNGDirectoryTestSuite.java:204)
	at org.apache.maven.surefire.testng.TestNGDirectoryTestSuite.execute(TestNGDirectoryTestSuite.java:107)
	at org.apache.maven.surefire.testng.TestNGProvider.invoke(TestNGProvider.java:112)
	at sun.reflect.NativeMethodAccessorImpl.invoke0(Native Method)
	at sun.reflect.NativeMethodAccessorImpl.invoke(NativeMethodAccessorImpl.java:62)
	at sun.reflect.DelegatingMethodAccessorImpl.invoke(DelegatingMethodAccessorImpl.java:43)
	at java.lang.reflect.Method.invoke(Method.java:483)
	at org.apache.maven.surefire.util.ReflectionUtils.invokeMethodWithArray2(ReflectionUtils.java:208)
	at org.apache.maven.surefire.booter.ProviderFactory$ProviderProxy.invoke(ProviderFactory.java:156)
	at org.apache.maven.surefire.booter.ProviderFactory.invokeProvider(ProviderFactory.java:82)
	at org.apache.maven.plugin.surefire.InPluginVMSurefireStarter.runSuitesInProcess(InPluginVMSurefireStarter.java:82)
	at org.apache.maven.plugin.surefire.AbstractSurefireMojo.executeProvider(AbstractSurefireMojo.java:951)
	at org.apache.maven.plugin.surefire.AbstractSurefireMojo.executeAfterPreconditionsChecked(AbstractSurefireMojo.java:831)
	at org.apache.maven.plugin.surefire.AbstractSurefireMojo.execute(AbstractSurefireMojo.java:729)
	at org.apache.maven.plugin.DefaultBuildPluginManager.executeMojo(DefaultBuildPluginManager.java:101)
	at org.apache.maven.lifecycle.internal.MojoExecutor.execute(MojoExecutor.java:209)
	at org.apache.maven.lifecycle.internal.MojoExecutor.execute(MojoExecutor.java:153)
	at org.apache.maven.lifecycle.internal.MojoExecutor.execute(MojoExecutor.java:145)
	at org.apache.maven.lifecycle.internal.LifecycleModuleBuilder.buildProject(LifecycleModuleBuilder.java:84)
	at org.apache.maven.lifecycle.internal.LifecycleModuleBuilder.buildProject(LifecycleModuleBuilder.java:59)
	at org.apache.maven.lifecycle.internal.LifecycleStarter.singleThreadedBuild(LifecycleStarter.java:183)
	at org.apache.maven.lifecycle.internal.LifecycleStarter.execute(LifecycleStarter.java:161)
	at org.apache.maven.DefaultMaven.doExecute(DefaultMaven.java:320)
	at org.apache.maven.DefaultMaven.execute(DefaultMaven.java:156)
	at org.apache.maven.cli.MavenCli.execute(MavenCli.java:537)
	at org.apache.maven.cli.MavenCli.doMain(MavenCli.java:196)
	at org.apache.maven.cli.MavenCli.main(MavenCli.java:141)
	at sun.reflect.NativeMethodAccessorImpl.invoke0(Native Method)
	at sun.reflect.NativeMethodAccessorImpl.invoke(NativeMethodAccessorImpl.java:62)
	at sun.reflect.DelegatingMethodAccessorImpl.invoke(DelegatingMethodAccessorImpl.java:43)
	at java.lang.reflect.Method.invoke(Method.java:483)
	at org.codehaus.plexus.classworlds.launcher.Launcher.launchEnhanced(Launcher.java:289)
	at org.codehaus.plexus.classworlds.launcher.Launcher.launch(Launcher.java:229)
	at org.codehaus.plexus.classworlds.launcher.Launcher.mainWithExitCode(Launcher.java:415)
	at org.codehaus.plexus.classworlds.launcher.Launcher.main(Launcher.java:356)
Caused by: org.openqa.selenium.WebDriverException: The PhantomJS/GhostDriver server has unexpectedly died!
Build info: version: '2.41.0', revision: '3192d8a6c4449dc285928ba024779344f5423c58', time: '2014-03-27 11:29:39'
System info: host: 'rtcamp-desktop', ip: '127.0.1.1', os.name: 'Linux', os.arch: 'amd64', os.version: '3.13.0-45-generic', java.version: '1.8.0_25'
Driver info: driver.version: RemoteWebDriver
	at org.openqa.selenium.phantomjs.PhantomJSCommandExecutor.execute(PhantomJSCommandExecutor.java:88)
	at org.openqa.selenium.remote.RemoteWebDriver.execute(RemoteWebDriver.java:568)
	... 60 more
Caused by: java.net.ConnectException: Connection refused
	at java.net.PlainSocketImpl.socketConnect(Native Method)
	at java.net.AbstractPlainSocketImpl.doConnect(AbstractPlainSocketImpl.java:345)
	at java.net.AbstractPlainSocketImpl.connectToAddress(AbstractPlainSocketImpl.java:206)
	at java.net.AbstractPlainSocketImpl.connect(AbstractPlainSocketImpl.java:188)
	at java.net.SocksSocketImpl.connect(SocksSocketImpl.java:392)
	at java.net.Socket.connect(Socket.java:589)
	at org.apache.http.conn.scheme.PlainSocketFactory.connectSocket(PlainSocketFactory.java:117)
	at org.apache.http.impl.conn.DefaultClientConnectionOperator.openConnection(DefaultClientConnectionOperator.java:177)
	at org.apache.http.impl.conn.AbstractPoolEntry.open(AbstractPoolEntry.java:144)
	at org.apache.http.impl.conn.AbstractPooledConnAdapter.open(AbstractPooledConnAdapter.java:131)
	at org.apache.http.impl.client.DefaultRequestDirector.tryConnect(DefaultRequestDirector.java:611)
	at org.apache.http.impl.client.DefaultRequestDirector.execute(DefaultRequestDirector.java:446)
	at org.apache.http.impl.client.AbstractHttpClient.doExecute(AbstractHttpClient.java:863)
	at org.apache.http.impl.client.CloseableHttpClient.execute(CloseableHttpClient.java:72)
	at org.apache.http.impl.client.CloseableHttpClient.execute(CloseableHttpClient.java:57)
	at org.openqa.selenium.remote.HttpCommandExecutor.fallBackExecute(HttpCommandExecutor.java:340)
	at org.openqa.selenium.remote.HttpCommandExecutor.execute(HttpCommandExecutor.java:301)
	at org.openqa.selenium.phantomjs.PhantomJSCommandExecutor.execute(PhantomJSCommandExecutor.java:82)
	... 61 more
]]>
            </full-stacktrace>
          </exception> <!-- org.openqa.selenium.remote.UnreachableBrowserException -->
          <reporter-output>
          </reporter-output>
        </test-method> <!-- numberOfMediaItemsInActivityOtherRoles -->
      </class> <!-- testscripts.buddyPress.numberOfMediaItemsInActivitySreamOtherRolesTest -->
      <class name="testscripts.buddyPress.limitNumberOfAlbumsPerUserOtherRolesTest">
        <test-method status="PASS" signature="limitNumberOfAlbumsPerUsrOther()[pri:0, instance:testscripts.buddyPress.limitNumberOfAlbumsPerUserOtherRolesTest@21041ffb]" name="limitNumberOfAlbumsPerUsrOther" duration-ms="162714" started-at="2015-02-24T14:58:49Z" finished-at="2015-02-24T15:01:32Z">
          <reporter-output>
          </reporter-output>
        </test-method> <!-- limitNumberOfAlbumsPerUsrOther -->
      </class> <!-- testscripts.buddyPress.limitNumberOfAlbumsPerUserOtherRolesTest -->
      <class name="testscripts.buddyPress.allowUserToCreateNewAlbumsOtherRolesTest">
        <test-method status="FAIL" signature="allowUserCreateNewAlbumsOther()[pri:0, instance:testscripts.buddyPress.allowUserToCreateNewAlbumsOtherRolesTest@11aeb673]" name="allowUserCreateNewAlbumsOther" duration-ms="105891" started-at="2015-02-24T14:44:15Z" finished-at="2015-02-24T14:46:01Z">
          <exception class="org.openqa.selenium.NoSuchElementException">
            <message>
              <![CDATA[{"errorMessage":"Unable to find element with css selector '#wp-admin-bar-site-name > a.ab-item'","request":{"headers":{"Accept":"application/json, image/png","Connection":"Keep-Alive","Content-Length":"70","Content-Type":"application/json; charset=utf-8","Host":"localhost:15603"},"httpVersion":"1.1","method":"POST","post":"{\"using\":\"css selector\",\"value\":\"#wp-admin-bar-site-name > a.ab-item\"}","url":"/element","urlParsed":{"anchor":"","query":"","file":"element","directory":"/","path":"/element","relative":"/element","port":"","host":"","password":"","user":"","userInfo":"","authority":"","protocol":"","source":"/element","queryKey":{},"chunks":["element"]},"urlOriginal":"/session/ad708b90-bc05-11e4-9fc9-49444621a2c8/element"}}
Command duration or timeout: 10.89 seconds
For documentation on this error, please visit: http://seleniumhq.org/exceptions/no_such_element.html
Build info: version: '2.41.0', revision: '3192d8a6c4449dc285928ba024779344f5423c58', time: '2014-03-27 11:29:39'
System info: host: 'rtcamp-desktop', ip: '127.0.1.1', os.name: 'Linux', os.arch: 'amd64', os.version: '3.13.0-45-generic', java.version: '1.8.0_25'
Driver info: org.openqa.selenium.phantomjs.PhantomJSDriver
Capabilities [{applicationCacheEnabled=false, rotatable=false, handlesAlerts=false, databaseEnabled=false, version=1.9.7, platform=LINUX, browserConnectionEnabled=false, proxy={proxyType=direct}, nativeEvents=true, acceptSslCerts=false, driverVersion=1.1.0, locationContextEnabled=false, webStorageEnabled=false, browserName=phantomjs, takesScreenshot=true, driverName=ghostdriver, javascriptEnabled=true, cssSelectorsEnabled=true}]
Session ID: ad708b90-bc05-11e4-9fc9-49444621a2c8]]>
            </message>
            <full-stacktrace>
              <![CDATA[org.openqa.selenium.NoSuchElementException: {"errorMessage":"Unable to find element with css selector '#wp-admin-bar-site-name > a.ab-item'","request":{"headers":{"Accept":"application/json, image/png","Connection":"Keep-Alive","Content-Length":"70","Content-Type":"application/json; charset=utf-8","Host":"localhost:15603"},"httpVersion":"1.1","method":"POST","post":"{\"using\":\"css selector\",\"value\":\"#wp-admin-bar-site-name > a.ab-item\"}","url":"/element","urlParsed":{"anchor":"","query":"","file":"element","directory":"/","path":"/element","relative":"/element","port":"","host":"","password":"","user":"","userInfo":"","authority":"","protocol":"","source":"/element","queryKey":{},"chunks":["element"]},"urlOriginal":"/session/ad708b90-bc05-11e4-9fc9-49444621a2c8/element"}}
Command duration or timeout: 10.89 seconds
For documentation on this error, please visit: http://seleniumhq.org/exceptions/no_such_element.html
Build info: version: '2.41.0', revision: '3192d8a6c4449dc285928ba024779344f5423c58', time: '2014-03-27 11:29:39'
System info: host: 'rtcamp-desktop', ip: '127.0.1.1', os.name: 'Linux', os.arch: 'amd64', os.version: '3.13.0-45-generic', java.version: '1.8.0_25'
Driver info: org.openqa.selenium.phantomjs.PhantomJSDriver
Capabilities [{applicationCacheEnabled=false, rotatable=false, handlesAlerts=false, databaseEnabled=false, version=1.9.7, platform=LINUX, browserConnectionEnabled=false, proxy={proxyType=direct}, nativeEvents=true, acceptSslCerts=false, driverVersion=1.1.0, locationContextEnabled=false, webStorageEnabled=false, browserName=phantomjs, takesScreenshot=true, driverName=ghostdriver, javascriptEnabled=true, cssSelectorsEnabled=true}]
Session ID: ad708b90-bc05-11e4-9fc9-49444621a2c8
	at sun.reflect.NativeConstructorAccessorImpl.newInstance0(Native Method)
	at sun.reflect.NativeConstructorAccessorImpl.newInstance(NativeConstructorAccessorImpl.java:62)
	at sun.reflect.DelegatingConstructorAccessorImpl.newInstance(DelegatingConstructorAccessorImpl.java:45)
	at java.lang.reflect.Constructor.newInstance(Constructor.java:408)
	at org.openqa.selenium.remote.ErrorHandler.createThrowable(ErrorHandler.java:193)
	at org.openqa.selenium.remote.ErrorHandler.throwIfResponseFailed(ErrorHandler.java:145)
	at org.openqa.selenium.remote.RemoteWebDriver.execute(RemoteWebDriver.java:595)
	at org.openqa.selenium.remote.RemoteWebDriver.findElement(RemoteWebDriver.java:348)
	at org.openqa.selenium.remote.RemoteWebDriver.findElementByCssSelector(RemoteWebDriver.java:437)
	at org.openqa.selenium.By$ByCssSelector.findElement(By.java:425)
	at org.openqa.selenium.remote.RemoteWebDriver.findElement(RemoteWebDriver.java:340)
	at testscripts.buddyPress.allowUserToCreateNewAlbumsOtherRolesTest.allowUserCreateNewAlbumsOther(allowUserToCreateNewAlbumsOtherRolesTest.java:127)
	at sun.reflect.NativeMethodAccessorImpl.invoke0(Native Method)
	at sun.reflect.NativeMethodAccessorImpl.invoke(NativeMethodAccessorImpl.java:62)
	at sun.reflect.DelegatingMethodAccessorImpl.invoke(DelegatingMethodAccessorImpl.java:43)
	at java.lang.reflect.Method.invoke(Method.java:483)
	at org.testng.internal.MethodInvocationHelper.invokeMethod(MethodInvocationHelper.java:84)
	at org.testng.internal.Invoker.invokeMethod(Invoker.java:714)
	at org.testng.internal.Invoker.invokeTestMethod(Invoker.java:901)
	at org.testng.internal.Invoker.invokeTestMethods(Invoker.java:1231)
	at org.testng.internal.TestMethodWorker.invokeTestMethods(TestMethodWorker.java:127)
	at org.testng.internal.TestMethodWorker.run(TestMethodWorker.java:111)
	at org.testng.TestRunner.privateRun(TestRunner.java:767)
	at org.testng.TestRunner.run(TestRunner.java:617)
	at org.testng.SuiteRunner.runTest(SuiteRunner.java:348)
	at org.testng.SuiteRunner.runSequentially(SuiteRunner.java:343)
	at org.testng.SuiteRunner.privateRun(SuiteRunner.java:305)
	at org.testng.SuiteRunner.run(SuiteRunner.java:254)
	at org.testng.SuiteRunnerWorker.runSuite(SuiteRunnerWorker.java:52)
	at org.testng.SuiteRunnerWorker.run(SuiteRunnerWorker.java:86)
	at org.testng.TestNG.runSuitesSequentially(TestNG.java:1224)
	at org.testng.TestNG.runSuitesLocally(TestNG.java:1149)
	at org.testng.TestNG.run(TestNG.java:1057)
	at org.apache.maven.surefire.testng.TestNGExecutor.run(TestNGExecutor.java:115)
	at org.apache.maven.surefire.testng.TestNGDirectoryTestSuite.executeMulti(TestNGDirectoryTestSuite.java:204)
	at org.apache.maven.surefire.testng.TestNGDirectoryTestSuite.execute(TestNGDirectoryTestSuite.java:107)
	at org.apache.maven.surefire.testng.TestNGProvider.invoke(TestNGProvider.java:112)
	at sun.reflect.NativeMethodAccessorImpl.invoke0(Native Method)
	at sun.reflect.NativeMethodAccessorImpl.invoke(NativeMethodAccessorImpl.java:62)
	at sun.reflect.DelegatingMethodAccessorImpl.invoke(DelegatingMethodAccessorImpl.java:43)
	at java.lang.reflect.Method.invoke(Method.java:483)
	at org.apache.maven.surefire.util.ReflectionUtils.invokeMethodWithArray2(ReflectionUtils.java:208)
	at org.apache.maven.surefire.booter.ProviderFactory$ProviderProxy.invoke(ProviderFactory.java:156)
	at org.apache.maven.surefire.booter.ProviderFactory.invokeProvider(ProviderFactory.java:82)
	at org.apache.maven.plugin.surefire.InPluginVMSurefireStarter.runSuitesInProcess(InPluginVMSurefireStarter.java:82)
	at org.apache.maven.plugin.surefire.AbstractSurefireMojo.executeProvider(AbstractSurefireMojo.java:951)
	at org.apache.maven.plugin.surefire.AbstractSurefireMojo.executeAfterPreconditionsChecked(AbstractSurefireMojo.java:831)
	at org.apache.maven.plugin.surefire.AbstractSurefireMojo.execute(AbstractSurefireMojo.java:729)
	at org.apache.maven.plugin.DefaultBuildPluginManager.executeMojo(DefaultBuildPluginManager.java:101)
	at org.apache.maven.lifecycle.internal.MojoExecutor.execute(MojoExecutor.java:209)
	at org.apache.maven.lifecycle.internal.MojoExecutor.execute(MojoExecutor.java:153)
	at org.apache.maven.lifecycle.internal.MojoExecutor.execute(MojoExecutor.java:145)
	at org.apache.maven.lifecycle.internal.LifecycleModuleBuilder.buildProject(LifecycleModuleBuilder.java:84)
	at org.apache.maven.lifecycle.internal.LifecycleModuleBuilder.buildProject(LifecycleModuleBuilder.java:59)
	at org.apache.maven.lifecycle.internal.LifecycleStarter.singleThreadedBuild(LifecycleStarter.java:183)
	at org.apache.maven.lifecycle.internal.LifecycleStarter.execute(LifecycleStarter.java:161)
	at org.apache.maven.DefaultMaven.doExecute(DefaultMaven.java:320)
	at org.apache.maven.DefaultMaven.execute(DefaultMaven.java:156)
	at org.apache.maven.cli.MavenCli.execute(MavenCli.java:537)
	at org.apache.maven.cli.MavenCli.doMain(MavenCli.java:196)
	at org.apache.maven.cli.MavenCli.main(MavenCli.java:141)
	at sun.reflect.NativeMethodAccessorImpl.invoke0(Native Method)
	at sun.reflect.NativeMethodAccessorImpl.invoke(NativeMethodAccessorImpl.java:62)
	at sun.reflect.DelegatingMethodAccessorImpl.invoke(DelegatingMethodAccessorImpl.java:43)
	at java.lang.reflect.Method.invoke(Method.java:483)
	at org.codehaus.plexus.classworlds.launcher.Launcher.launchEnhanced(Launcher.java:289)
	at org.codehaus.plexus.classworlds.launcher.Launcher.launch(Launcher.java:229)
	at org.codehaus.plexus.classworlds.launcher.Launcher.mainWithExitCode(Launcher.java:415)
	at org.codehaus.plexus.classworlds.launcher.Launcher.main(Launcher.java:356)
Caused by: org.openqa.selenium.remote.ScreenshotException: Screen shot has been taken
Build info: version: '2.41.0', revision: '3192d8a6c4449dc285928ba024779344f5423c58', time: '2014-03-27 11:29:39'
System info: host: 'rtcamp-desktop', ip: '127.0.1.1', os.name: 'Linux', os.arch: 'amd64', os.version: '3.13.0-45-generic', java.version: '1.8.0_25'
Driver info: driver.version: RemoteWebDriver
	at org.openqa.selenium.remote.ErrorHandler.throwIfResponseFailed(ErrorHandler.java:125)
	... 63 more
Caused by: org.openqa.selenium.remote.ErrorHandler$UnknownServerException: {"errorMessage":"Unable to find element with css selector '#wp-admin-bar-site-name > a.ab-item'","request":{"headers":{"Accept":"application/json, image/png","Connection":"Keep-Alive","Content-Length":"70","Content-Type":"application/json; charset=utf-8","Host":"localhost:15603"},"httpVersion":"1.1","method":"POST","post":"{\"using\":\"css selector\",\"value\":\"#wp-admin-bar-site-name > a.ab-item\"}","url":"/element","urlParsed":{"anchor":"","query":"","file":"element","directory":"/","path":"/element","relative":"/element","port":"","host":"","password":"","user":"","userInfo":"","authority":"","protocol":"","source":"/element","queryKey":{},"chunks":["element"]},"urlOriginal":"/session/ad708b90-bc05-11e4-9fc9-49444621a2c8/element"}}
Build info: version: '2.41.0', revision: '3192d8a6c4449dc285928ba024779344f5423c58', time: '2014-03-27 11:29:39'
System info: host: 'rtcamp-desktop', ip: '127.0.1.1', os.name: 'Linux', os.arch: 'amd64', os.version: '3.13.0-45-generic', java.version: '1.8.0_25'
Driver info: driver.version: unknown
]]>
            </full-stacktrace>
          </exception> <!-- org.openqa.selenium.NoSuchElementException -->
          <reporter-output>
          </reporter-output>
        </test-method> <!-- allowUserCreateNewAlbumsOther -->
      </class> <!-- testscripts.buddyPress.allowUserToCreateNewAlbumsOtherRolesTest -->
      <class name="testscripts.buddyPress.enableMediaInProfileTest">
        <test-method status="PASS" signature="enablemediaadmin()[pri:0, instance:testscripts.buddyPress.enableMediaInProfileTest@4435c9b9]" name="enablemediaadmin" duration-ms="129712" started-at="2015-02-24T14:32:08Z" finished-at="2015-02-24T14:34:18Z">
          <reporter-output>
          </reporter-output>
        </test-method> <!-- enablemediaadmin -->
      </class> <!-- testscripts.buddyPress.enableMediaInProfileTest -->
      <class name="testscripts.buddyPress.ExperimentenableMediaInProfileTest">
        <test-method status="PASS" signature="enablemediaadmin()[pri:0, instance:testscripts.buddyPress.ExperimentenableMediaInProfileTest@2b59285c]" name="enablemediaadmin" duration-ms="131300" started-at="2015-02-24T14:29:57Z" finished-at="2015-02-24T14:32:08Z">
          <reporter-output>
          </reporter-output>
        </test-method> <!-- enablemediaadmin -->
      </class> <!-- testscripts.buddyPress.ExperimentenableMediaInProfileTest -->
      <class name="testscripts.buddyPress.organizeMediaIntoAlbumsOtherRolesTest">
        <test-method status="PASS" signature="organizeMediaIntoAlbumsOther()[pri:0, instance:testscripts.buddyPress.organizeMediaIntoAlbumsOtherRolesTest@3d6527bf]" name="organizeMediaIntoAlbumsOther" duration-ms="107829" started-at="2015-02-24T15:01:32Z" finished-at="2015-02-24T15:03:20Z">
          <reporter-output>
          </reporter-output>
        </test-method> <!-- organizeMediaIntoAlbumsOther -->
      </class> <!-- testscripts.buddyPress.organizeMediaIntoAlbumsOtherRolesTest -->
      <class name="testscripts.buddyPress.allowUserToCreateNewAlbumsTest">
        <test-method status="PASS" signature="allowUserCreateNewAlbums()[pri:0, instance:testscripts.buddyPress.allowUserToCreateNewAlbumsTest@4bec8704]" name="allowUserCreateNewAlbums" duration-ms="105330" started-at="2015-02-24T14:57:04Z" finished-at="2015-02-24T14:58:49Z">
          <reporter-output>
          </reporter-output>
        </test-method> <!-- allowUserCreateNewAlbums -->
      </class> <!-- testscripts.buddyPress.allowUserToCreateNewAlbumsTest -->
    </test> <!-- Surefire test -->
  </suite> <!-- Surefire suite -->
</testng-results>
