<?xml version="1.0" encoding="UTF-8"?>
<!-- Generated by org.testng.reporters.JUnitReportReporter -->
<testsuite hostname="rtcamp-desktop" name="testscripts.OtherSettings.enableFavListOtherRolesTest" tests="1" failures="1" timestamp="10 Feb 2015 12:50:05 GMT" time="68.283" errors="0">
  <testcase name="FavListOtherRoles" time="68.283" classname="testscripts.OtherSettings.enableFavListOtherRolesTest">
    <failure type="org.openqa.selenium.ElementNotVisibleException" message="{&quot;errorMessage&quot;:&quot;Element is not currently visible and may not be manipulated&quot;,&quot;request&quot;:{&quot;headers&quot;:{&quot;Accept&quot;:&quot;application/json, image/png&quot;,&quot;Connection&quot;:&quot;Keep-Alive&quot;,&quot;Content-Length&quot;:&quot;27&quot;,&quot;Content-Type&quot;:&quot;application/json; charset=utf-8&quot;,&quot;Host&quot;:&quot;localhost:26501&quot;},&quot;httpVersion&quot;:&quot;1.1&quot;,&quot;method&quot;:&quot;POST&quot;,&quot;post&quot;:&quot;{\&quot;id\&quot;:\&quot;:wdc:1423572567305\&quot;}&quot;,&quot;url&quot;:&quot;/click&quot;,&quot;urlParsed&quot;:{&quot;anchor&quot;:&quot;&quot;,&quot;query&quot;:&quot;&quot;,&quot;file&quot;:&quot;click&quot;,&quot;directory&quot;:&quot;/&quot;,&quot;path&quot;:&quot;/click&quot;,&quot;relative&quot;:&quot;/click&quot;,&quot;port&quot;:&quot;&quot;,&quot;host&quot;:&quot;&quot;,&quot;password&quot;:&quot;&quot;,&quot;user&quot;:&quot;&quot;,&quot;userInfo&quot;:&quot;&quot;,&quot;authority&quot;:&quot;&quot;,&quot;protocol&quot;:&quot;&quot;,&quot;source&quot;:&quot;/click&quot;,&quot;queryKey&quot;:{},&quot;chunks&quot;:[&quot;click&quot;]},&quot;urlOriginal&quot;:&quot;/session/2e338ea0-b123-11e4-bca9-77c97e3d6b42/element/%3Awdc%3A1423572567305/click&quot;}}
Command duration or timeout: 989 milliseconds
Build info: version: &#039;2.41.0&#039;, revision: &#039;3192d8a6c4449dc285928ba024779344f5423c58&#039;, time: &#039;2014-03-27 11:29:39&#039;
System info: host: &#039;rtcamp-desktop&#039;, ip: &#039;127.0.1.1&#039;, os.name: &#039;Linux&#039;, os.arch: &#039;amd64&#039;, os.version: &#039;3.13.0-45-generic&#039;, java.version: &#039;1.8.0_31&#039;
Driver info: org.openqa.selenium.phantomjs.PhantomJSDriver
Capabilities [{applicationCacheEnabled=false, rotatable=false, handlesAlerts=false, databaseEnabled=false, version=1.9.7, platform=LINUX, browserConnectionEnabled=false, proxy={proxyType=direct}, nativeEvents=true, acceptSslCerts=false, driverVersion=1.1.0, locationContextEnabled=false, webStorageEnabled=false, browserName=phantomjs, takesScreenshot=true, driverName=ghostdriver, javascriptEnabled=true, cssSelectorsEnabled=true}]
Session ID: 2e338ea0-b123-11e4-bca9-77c97e3d6b42">
      <![CDATA[org.openqa.selenium.ElementNotVisibleException: {"errorMessage":"Element is not currently visible and may not be manipulated","request":{"headers":{"Accept":"application/json, image/png","Connection":"Keep-Alive","Content-Length":"27","Content-Type":"application/json; charset=utf-8","Host":"localhost:26501"},"httpVersion":"1.1","method":"POST","post":"{\"id\":\":wdc:1423572567305\"}","url":"/click","urlParsed":{"anchor":"","query":"","file":"click","directory":"/","path":"/click","relative":"/click","port":"","host":"","password":"","user":"","userInfo":"","authority":"","protocol":"","source":"/click","queryKey":{},"chunks":["click"]},"urlOriginal":"/session/2e338ea0-b123-11e4-bca9-77c97e3d6b42/element/%3Awdc%3A1423572567305/click"}}
Command duration or timeout: 989 milliseconds
Build info: version: '2.41.0', revision: '3192d8a6c4449dc285928ba024779344f5423c58', time: '2014-03-27 11:29:39'
System info: host: 'rtcamp-desktop', ip: '127.0.1.1', os.name: 'Linux', os.arch: 'amd64', os.version: '3.13.0-45-generic', java.version: '1.8.0_31'
Driver info: org.openqa.selenium.phantomjs.PhantomJSDriver
Capabilities [{applicationCacheEnabled=false, rotatable=false, handlesAlerts=false, databaseEnabled=false, version=1.9.7, platform=LINUX, browserConnectionEnabled=false, proxy={proxyType=direct}, nativeEvents=true, acceptSslCerts=false, driverVersion=1.1.0, locationContextEnabled=false, webStorageEnabled=false, browserName=phantomjs, takesScreenshot=true, driverName=ghostdriver, javascriptEnabled=true, cssSelectorsEnabled=true}]
Session ID: 2e338ea0-b123-11e4-bca9-77c97e3d6b42
	at sun.reflect.NativeConstructorAccessorImpl.newInstance0(Native Method)
	at sun.reflect.NativeConstructorAccessorImpl.newInstance(NativeConstructorAccessorImpl.java:62)
	at sun.reflect.DelegatingConstructorAccessorImpl.newInstance(DelegatingConstructorAccessorImpl.java:45)
	at java.lang.reflect.Constructor.newInstance(Constructor.java:408)
	at org.openqa.selenium.remote.ErrorHandler.createThrowable(ErrorHandler.java:193)
	at org.openqa.selenium.remote.ErrorHandler.throwIfResponseFailed(ErrorHandler.java:145)
	at org.openqa.selenium.remote.RemoteWebDriver.execute(RemoteWebDriver.java:595)
	at org.openqa.selenium.remote.RemoteWebElement.execute(RemoteWebElement.java:268)
	at org.openqa.selenium.remote.RemoteWebElement.click(RemoteWebElement.java:79)
	at testscripts.OtherSettings.enableFavListOtherRolesTest.FavListOtherRoles(enableFavListOtherRolesTest.java:125)
	at sun.reflect.NativeMethodAccessorImpl.invoke0(Native Method)
	at sun.reflect.NativeMethodAccessorImpl.invoke(NativeMethodAccessorImpl.java:62)
	at sun.reflect.DelegatingMethodAccessorImpl.invoke(DelegatingMethodAccessorImpl.java:43)
	at java.lang.reflect.Method.invoke(Method.java:483)
	at org.testng.internal.MethodInvocationHelper.invokeMethod(MethodInvocationHelper.java:84)
	at org.testng.internal.Invoker.invokeMethod(Invoker.java:714)
	at org.testng.internal.Invoker.invokeTestMethod(Invoker.java:901)
	at org.testng.internal.Invoker.invokeTestMethods(Invoker.java:1231)
	at org.testng.internal.TestMethodWorker.invokeTestMethods(TestMethodWorker.java:127)
	at org.testng.internal.TestMethodWorker.run(TestMethodWorker.java:111)
	at org.testng.TestRunner.privateRun(TestRunner.java:767)
	at org.testng.TestRunner.run(TestRunner.java:617)
	at org.testng.SuiteRunner.runTest(SuiteRunner.java:334)
	at org.testng.SuiteRunner.runSequentially(SuiteRunner.java:329)
	at org.testng.SuiteRunner.privateRun(SuiteRunner.java:291)
	at org.testng.SuiteRunner.run(SuiteRunner.java:240)
	at org.testng.SuiteRunnerWorker.runSuite(SuiteRunnerWorker.java:52)
	at org.testng.SuiteRunnerWorker.run(SuiteRunnerWorker.java:86)
	at org.testng.TestNG.runSuitesSequentially(TestNG.java:1224)
	at org.testng.TestNG.runSuitesLocally(TestNG.java:1149)
	at org.testng.TestNG.run(TestNG.java:1057)
	at org.testng.remote.RemoteTestNG.run(RemoteTestNG.java:111)
	at org.testng.remote.RemoteTestNG.initAndRun(RemoteTestNG.java:204)
	at org.testng.remote.RemoteTestNG.main(RemoteTestNG.java:175)
Caused by: org.openqa.selenium.remote.ScreenshotException: Screen shot has been taken
Build info: version: '2.41.0', revision: '3192d8a6c4449dc285928ba024779344f5423c58', time: '2014-03-27 11:29:39'
System info: host: 'rtcamp-desktop', ip: '127.0.1.1', os.name: 'Linux', os.arch: 'amd64', os.version: '3.13.0-45-generic', java.version: '1.8.0_31'
Driver info: driver.version: RemoteWebDriver
	at org.openqa.selenium.remote.ErrorHandler.throwIfResponseFailed(ErrorHandler.java:125)
	... 28 more
Caused by: org.openqa.selenium.remote.ErrorHandler$UnknownServerException: {"errorMessage":"Element is not currently visible and may not be manipulated","request":{"headers":{"Accept":"application/json, image/png","Connection":"Keep-Alive","Content-Length":"27","Content-Type":"application/json; charset=utf-8","Host":"localhost:26501"},"httpVersion":"1.1","method":"POST","post":"{\"id\":\":wdc:1423572567305\"}","url":"/click","urlParsed":{"anchor":"","query":"","file":"click","directory":"/","path":"/click","relative":"/click","port":"","host":"","password":"","user":"","userInfo":"","authority":"","protocol":"","source":"/click","queryKey":{},"chunks":["click"]},"urlOriginal":"/session/2e338ea0-b123-11e4-bca9-77c97e3d6b42/element/%3Awdc%3A1423572567305/click"}}
Build info: version: '2.41.0', revision: '3192d8a6c4449dc285928ba024779344f5423c58', time: '2014-03-27 11:29:39'
System info: host: 'rtcamp-desktop', ip: '127.0.1.1', os.name: 'Linux', os.arch: 'amd64', os.version: '3.13.0-45-generic', java.version: '1.8.0_31'
Driver info: driver.version: unknown
]]>
    </failure>
  </testcase> <!-- FavListOtherRoles -->
</testsuite> <!-- testscripts.OtherSettings.enableFavListOtherRolesTest -->
